{"/Users/zacharyrote/Desktop/sandbox/microblendr/git-source/mb-tenant-services/tenant-service/tests/api-binding-test.js":{"path":"/Users/zacharyrote/Desktop/sandbox/microblendr/git-source/mb-tenant-services/tenant-service/tests/api-binding-test.js","statementMap":{"0":{"start":{"line":2,"column":19},"end":{"line":2,"column":56}},"1":{"start":{"line":3,"column":15},"end":{"line":3,"column":32}},"2":{"start":{"line":5,"column":0},"end":{"line":52,"column":3}},"3":{"start":{"line":6,"column":15},"end":{"line":6,"column":44}},"4":{"start":{"line":7,"column":15},"end":{"line":7,"column":19}},"5":{"start":{"line":8,"column":2},"end":{"line":21,"column":5}},"6":{"start":{"line":9,"column":4},"end":{"line":9,"column":84}},"7":{"start":{"line":11,"column":4},"end":{"line":20,"column":7}},"8":{"start":{"line":12,"column":6},"end":{"line":12,"column":30}},"9":{"start":{"line":13,"column":6},"end":{"line":17,"column":9}},"10":{"start":{"line":14,"column":8},"end":{"line":14,"column":15}},"11":{"start":{"line":16,"column":8},"end":{"line":16,"column":18}},"12":{"start":{"line":19,"column":6},"end":{"line":19,"column":16}},"13":{"start":{"line":29,"column":2},"end":{"line":46,"column":19}},"14":{"start":{"line":30,"column":18},"end":{"line":33,"column":5}},"15":{"start":{"line":34,"column":21},"end":{"line":34,"column":44}},"16":{"start":{"line":36,"column":4},"end":{"line":45,"column":7}},"17":{"start":{"line":37,"column":6},"end":{"line":42,"column":7}},"18":{"start":{"line":39,"column":8},"end":{"line":39,"column":15}},"19":{"start":{"line":41,"column":8},"end":{"line":41,"column":133}},"20":{"start":{"line":44,"column":6},"end":{"line":44,"column":16}},"21":{"start":{"line":48,"column":2},"end":{"line":50,"column":5}},"22":{"start":{"line":49,"column":4},"end":{"line":49,"column":11}}},"fnMap":{"0":{"name":"(anonymous_0)","decl":{"start":{"line":5,"column":31},"end":{"line":5,"column":32}},"loc":{"start":{"line":5,"column":37},"end":{"line":52,"column":1}},"line":5},"1":{"name":"(anonymous_1)","decl":{"start":{"line":8,"column":9},"end":{"line":8,"column":10}},"loc":{"start":{"line":8,"column":19},"end":{"line":21,"column":3}},"line":8},"2":{"name":"(anonymous_2)","decl":{"start":{"line":11,"column":23},"end":{"line":11,"column":24}},"loc":{"start":{"line":11,"column":29},"end":{"line":18,"column":5}},"line":11},"3":{"name":"(anonymous_3)","decl":{"start":{"line":13,"column":27},"end":{"line":13,"column":28}},"loc":{"start":{"line":13,"column":33},"end":{"line":15,"column":7}},"line":13},"4":{"name":"(anonymous_4)","decl":{"start":{"line":15,"column":15},"end":{"line":15,"column":16}},"loc":{"start":{"line":15,"column":24},"end":{"line":17,"column":7}},"line":15},"5":{"name":"(anonymous_5)","decl":{"start":{"line":18,"column":13},"end":{"line":18,"column":14}},"loc":{"start":{"line":18,"column":22},"end":{"line":20,"column":5}},"line":18},"6":{"name":"(anonymous_6)","decl":{"start":{"line":29,"column":39},"end":{"line":29,"column":40}},"loc":{"start":{"line":29,"column":49},"end":{"line":46,"column":3}},"line":29},"7":{"name":"(anonymous_7)","decl":{"start":{"line":36,"column":27},"end":{"line":36,"column":28}},"loc":{"start":{"line":36,"column":40},"end":{"line":43,"column":5}},"line":36},"8":{"name":"(anonymous_8)","decl":{"start":{"line":43,"column":13},"end":{"line":43,"column":14}},"loc":{"start":{"line":43,"column":22},"end":{"line":45,"column":5}},"line":43},"9":{"name":"(anonymous_9)","decl":{"start":{"line":48,"column":8},"end":{"line":48,"column":9}},"loc":{"start":{"line":48,"column":18},"end":{"line":50,"column":3}},"line":48}},"branchMap":{"0":{"loc":{"start":{"line":37,"column":6},"end":{"line":42,"column":7}},"type":"if","locations":[{"start":{"line":37,"column":6},"end":{"line":42,"column":7}},{"start":{"line":37,"column":6},"end":{"line":42,"column":7}}],"line":37},"1":{"loc":{"start":{"line":37,"column":10},"end":{"line":38,"column":54}},"type":"binary-expr","locations":[{"start":{"line":37,"column":10},"end":{"line":37,"column":21}},{"start":{"line":37,"column":25},"end":{"line":37,"column":43}},{"start":{"line":37,"column":47},"end":{"line":37,"column":66}},{"start":{"line":37,"column":70},"end":{"line":37,"column":94}},{"start":{"line":38,"column":13},"end":{"line":38,"column":33}},{"start":{"line":38,"column":37},"end":{"line":38,"column":54}}],"line":37}},"s":{"0":1,"1":1,"2":1,"3":1,"4":1,"5":1,"6":1,"7":1,"8":1,"9":1,"10":1,"11":0,"12":0,"13":1,"14":1,"15":1,"16":1,"17":1,"18":1,"19":0,"20":0,"21":1,"22":1},"f":{"0":1,"1":1,"2":1,"3":1,"4":0,"5":0,"6":1,"7":1,"8":0,"9":1},"b":{"0":[1,0],"1":[1,1,1,1,1,1]},"_coverageSchema":"332fd63041d2c1bcb487cc26dd0d5f7d97098a6c","hash":"427730b51e2f7f67501fd2081e99232786b8683d","contentHash":"2e8eed7807eada2516d9029f6f1f78a1_11.0.2"},"/Users/zacharyrote/Desktop/sandbox/microblendr/git-source/mb-tenant-services/tenant-service/tests/find-account-test.js":{"path":"/Users/zacharyrote/Desktop/sandbox/microblendr/git-source/mb-tenant-services/tenant-service/tests/find-account-test.js","statementMap":{"0":{"start":{"line":2,"column":15},"end":{"line":2,"column":32}},"1":{"start":{"line":3,"column":19},"end":{"line":3,"column":41}},"2":{"start":{"line":4,"column":20},"end":{"line":4,"column":60}},"3":{"start":{"line":5,"column":22},"end":{"line":5,"column":27}},"4":{"start":{"line":7,"column":24},"end":{"line":7,"column":68}},"5":{"start":{"line":8,"column":30},"end":{"line":8,"column":80}},"6":{"start":{"line":10,"column":26},"end":{"line":10,"column":75}},"7":{"start":{"line":11,"column":15},"end":{"line":11,"column":53}},"8":{"start":{"line":13,"column":35},"end":{"line":13,"column":92}},"9":{"start":{"line":15,"column":37},"end":{"line":19,"column":1}},"10":{"start":{"line":16,"column":2},"end":{"line":18,"column":4}},"11":{"start":{"line":17,"column":4},"end":{"line":17,"column":14}},"12":{"start":{"line":21,"column":35},"end":{"line":32,"column":1}},"13":{"start":{"line":22,"column":2},"end":{"line":31,"column":4}},"14":{"start":{"line":23,"column":4},"end":{"line":30,"column":5}},"15":{"start":{"line":24,"column":6},"end":{"line":24,"column":81}},"16":{"start":{"line":25,"column":6},"end":{"line":25,"column":103}},"17":{"start":{"line":26,"column":6},"end":{"line":26,"column":93}},"18":{"start":{"line":27,"column":6},"end":{"line":27,"column":13}},"19":{"start":{"line":29,"column":6},"end":{"line":29,"column":41}},"20":{"start":{"line":34,"column":40},"end":{"line":38,"column":1}},"21":{"start":{"line":35,"column":2},"end":{"line":37,"column":4}},"22":{"start":{"line":36,"column":4},"end":{"line":36,"column":49}},"23":{"start":{"line":40,"column":44},"end":{"line":44,"column":1}},"24":{"start":{"line":41,"column":2},"end":{"line":43,"column":4}},"25":{"start":{"line":42,"column":4},"end":{"line":42,"column":11}},"26":{"start":{"line":46,"column":0},"end":{"line":93,"column":3}},"27":{"start":{"line":47,"column":22},"end":{"line":47,"column":26}},"28":{"start":{"line":48,"column":20},"end":{"line":48,"column":43}},"29":{"start":{"line":50,"column":27},"end":{"line":50,"column":63}},"30":{"start":{"line":52,"column":21},"end":{"line":52,"column":38}},"31":{"start":{"line":54,"column":26},"end":{"line":54,"column":49}},"32":{"start":{"line":55,"column":2},"end":{"line":71,"column":5}},"33":{"start":{"line":56,"column":22},"end":{"line":56,"column":62}},"34":{"start":{"line":58,"column":4},"end":{"line":70,"column":7}},"35":{"start":{"line":59,"column":6},"end":{"line":59,"column":36}},"36":{"start":{"line":60,"column":6},"end":{"line":60,"column":69}},"37":{"start":{"line":62,"column":6},"end":{"line":62,"column":30}},"38":{"start":{"line":63,"column":6},"end":{"line":67,"column":11}},"39":{"start":{"line":64,"column":10},"end":{"line":64,"column":17}},"40":{"start":{"line":66,"column":10},"end":{"line":66,"column":20}},"41":{"start":{"line":69,"column":6},"end":{"line":69,"column":16}},"42":{"start":{"line":73,"column":2},"end":{"line":81,"column":5}},"43":{"start":{"line":74,"column":13},"end":{"line":74,"column":29}},"44":{"start":{"line":75,"column":4},"end":{"line":80,"column":7}},"45":{"start":{"line":76,"column":18},"end":{"line":76,"column":49}},"46":{"start":{"line":77,"column":6},"end":{"line":77,"column":115}},"47":{"start":{"line":79,"column":6},"end":{"line":79,"column":16}},"48":{"start":{"line":83,"column":2},"end":{"line":91,"column":5}},"49":{"start":{"line":84,"column":20},"end":{"line":84,"column":46}},"50":{"start":{"line":85,"column":4},"end":{"line":90,"column":7}},"51":{"start":{"line":86,"column":18},"end":{"line":86,"column":56}},"52":{"start":{"line":87,"column":6},"end":{"line":87,"column":127}},"53":{"start":{"line":89,"column":6},"end":{"line":89,"column":16}}},"fnMap":{"0":{"name":"(anonymous_0)","decl":{"start":{"line":15,"column":37},"end":{"line":15,"column":38}},"loc":{"start":{"line":15,"column":47},"end":{"line":19,"column":1}},"line":15},"1":{"name":"(anonymous_1)","decl":{"start":{"line":16,"column":9},"end":{"line":16,"column":10}},"loc":{"start":{"line":16,"column":18},"end":{"line":18,"column":3}},"line":16},"2":{"name":"(anonymous_2)","decl":{"start":{"line":21,"column":35},"end":{"line":21,"column":36}},"loc":{"start":{"line":21,"column":45},"end":{"line":32,"column":1}},"line":21},"3":{"name":"(anonymous_3)","decl":{"start":{"line":22,"column":9},"end":{"line":22,"column":10}},"loc":{"start":{"line":22,"column":23},"end":{"line":31,"column":3}},"line":22},"4":{"name":"(anonymous_4)","decl":{"start":{"line":34,"column":40},"end":{"line":34,"column":41}},"loc":{"start":{"line":34,"column":50},"end":{"line":38,"column":1}},"line":34},"5":{"name":"(anonymous_5)","decl":{"start":{"line":35,"column":9},"end":{"line":35,"column":10}},"loc":{"start":{"line":35,"column":23},"end":{"line":37,"column":3}},"line":35},"6":{"name":"(anonymous_6)","decl":{"start":{"line":40,"column":44},"end":{"line":40,"column":45}},"loc":{"start":{"line":40,"column":54},"end":{"line":44,"column":1}},"line":40},"7":{"name":"(anonymous_7)","decl":{"start":{"line":41,"column":9},"end":{"line":41,"column":10}},"loc":{"start":{"line":41,"column":20},"end":{"line":43,"column":3}},"line":41},"8":{"name":"(anonymous_8)","decl":{"start":{"line":46,"column":30},"end":{"line":46,"column":31}},"loc":{"start":{"line":46,"column":36},"end":{"line":93,"column":1}},"line":46},"9":{"name":"(anonymous_9)","decl":{"start":{"line":55,"column":9},"end":{"line":55,"column":10}},"loc":{"start":{"line":55,"column":19},"end":{"line":71,"column":3}},"line":55},"10":{"name":"(anonymous_10)","decl":{"start":{"line":58,"column":46},"end":{"line":58,"column":47}},"loc":{"start":{"line":58,"column":58},"end":{"line":61,"column":5}},"line":58},"11":{"name":"(anonymous_11)","decl":{"start":{"line":61,"column":12},"end":{"line":61,"column":13}},"loc":{"start":{"line":61,"column":25},"end":{"line":68,"column":5}},"line":61},"12":{"name":"(anonymous_12)","decl":{"start":{"line":63,"column":73},"end":{"line":63,"column":74}},"loc":{"start":{"line":63,"column":79},"end":{"line":65,"column":9}},"line":63},"13":{"name":"(anonymous_13)","decl":{"start":{"line":65,"column":17},"end":{"line":65,"column":18}},"loc":{"start":{"line":65,"column":26},"end":{"line":67,"column":9}},"line":65},"14":{"name":"(anonymous_14)","decl":{"start":{"line":68,"column":13},"end":{"line":68,"column":14}},"loc":{"start":{"line":68,"column":22},"end":{"line":70,"column":5}},"line":68},"15":{"name":"(anonymous_15)","decl":{"start":{"line":73,"column":39},"end":{"line":73,"column":40}},"loc":{"start":{"line":73,"column":49},"end":{"line":81,"column":3}},"line":73},"16":{"name":"(anonymous_16)","decl":{"start":{"line":75,"column":86},"end":{"line":75,"column":87}},"loc":{"start":{"line":75,"column":99},"end":{"line":78,"column":5}},"line":75},"17":{"name":"(anonymous_17)","decl":{"start":{"line":78,"column":13},"end":{"line":78,"column":14}},"loc":{"start":{"line":78,"column":22},"end":{"line":80,"column":5}},"line":78},"18":{"name":"(anonymous_18)","decl":{"start":{"line":83,"column":55},"end":{"line":83,"column":56}},"loc":{"start":{"line":83,"column":65},"end":{"line":91,"column":3}},"line":83},"19":{"name":"(anonymous_19)","decl":{"start":{"line":85,"column":86},"end":{"line":85,"column":87}},"loc":{"start":{"line":85,"column":99},"end":{"line":88,"column":5}},"line":85},"20":{"name":"(anonymous_20)","decl":{"start":{"line":88,"column":13},"end":{"line":88,"column":14}},"loc":{"start":{"line":88,"column":22},"end":{"line":90,"column":5}},"line":88}},"branchMap":{"0":{"loc":{"start":{"line":23,"column":4},"end":{"line":30,"column":5}},"type":"if","locations":[{"start":{"line":23,"column":4},"end":{"line":30,"column":5}},{"start":{"line":23,"column":4},"end":{"line":30,"column":5}}],"line":23},"1":{"loc":{"start":{"line":23,"column":8},"end":{"line":23,"column":57}},"type":"binary-expr","locations":[{"start":{"line":23,"column":8},"end":{"line":23,"column":20}},{"start":{"line":23,"column":24},"end":{"line":23,"column":57}}],"line":23}},"s":{"0":1,"1":1,"2":1,"3":1,"4":1,"5":1,"6":1,"7":1,"8":1,"9":1,"10":1,"11":0,"12":1,"13":1,"14":1,"15":1,"16":1,"17":1,"18":1,"19":0,"20":1,"21":1,"22":0,"23":1,"24":1,"25":1,"26":1,"27":1,"28":1,"29":1,"30":1,"31":1,"32":1,"33":1,"34":1,"35":1,"36":1,"37":1,"38":1,"39":1,"40":0,"41":0,"42":1,"43":1,"44":1,"45":1,"46":1,"47":0,"48":1,"49":1,"50":1,"51":1,"52":1,"53":0},"f":{"0":1,"1":0,"2":1,"3":1,"4":1,"5":0,"6":1,"7":1,"8":1,"9":1,"10":1,"11":1,"12":1,"13":0,"14":0,"15":1,"16":1,"17":0,"18":1,"19":1,"20":0},"b":{"0":[1,0],"1":[1,1]},"_coverageSchema":"332fd63041d2c1bcb487cc26dd0d5f7d97098a6c","hash":"ba411dbf66c8ffc89051f4e1622fc39513267913","contentHash":"ee58eee8a0726025558c14729e884e56_11.0.2"},"/Users/zacharyrote/Desktop/sandbox/microblendr/git-source/mb-tenant-services/tenant-service/tests/find-application-test.js":{"path":"/Users/zacharyrote/Desktop/sandbox/microblendr/git-source/mb-tenant-services/tenant-service/tests/find-application-test.js","statementMap":{"0":{"start":{"line":2,"column":13},"end":{"line":2,"column":33}},"1":{"start":{"line":3,"column":19},"end":{"line":3,"column":41}},"2":{"start":{"line":4,"column":19},"end":{"line":4,"column":56}},"3":{"start":{"line":5,"column":20},"end":{"line":5,"column":60}},"4":{"start":{"line":6,"column":26},"end":{"line":6,"column":75}},"5":{"start":{"line":7,"column":15},"end":{"line":7,"column":53}},"6":{"start":{"line":9,"column":28},"end":{"line":9,"column":76}},"7":{"start":{"line":10,"column":30},"end":{"line":10,"column":80}},"8":{"start":{"line":11,"column":35},"end":{"line":11,"column":92}},"9":{"start":{"line":13,"column":22},"end":{"line":13,"column":27}},"10":{"start":{"line":15,"column":39},"end":{"line":39,"column":1}},"11":{"start":{"line":16,"column":2},"end":{"line":38,"column":4}},"12":{"start":{"line":17,"column":4},"end":{"line":37,"column":5}},"13":{"start":{"line":18,"column":6},"end":{"line":18,"column":87}},"14":{"start":{"line":19,"column":6},"end":{"line":19,"column":91}},"15":{"start":{"line":20,"column":6},"end":{"line":20,"column":95}},"16":{"start":{"line":21,"column":6},"end":{"line":21,"column":101}},"17":{"start":{"line":22,"column":6},"end":{"line":22,"column":93}},"18":{"start":{"line":23,"column":6},"end":{"line":23,"column":99}},"19":{"start":{"line":24,"column":6},"end":{"line":24,"column":101}},"20":{"start":{"line":25,"column":6},"end":{"line":25,"column":95}},"21":{"start":{"line":27,"column":6},"end":{"line":27,"column":109}},"22":{"start":{"line":28,"column":6},"end":{"line":28,"column":117}},"23":{"start":{"line":29,"column":6},"end":{"line":29,"column":141}},"24":{"start":{"line":30,"column":6},"end":{"line":30,"column":125}},"25":{"start":{"line":31,"column":6},"end":{"line":31,"column":129}},"26":{"start":{"line":32,"column":6},"end":{"line":32,"column":117}},"27":{"start":{"line":33,"column":6},"end":{"line":33,"column":129}},"28":{"start":{"line":34,"column":6},"end":{"line":34,"column":13}},"29":{"start":{"line":36,"column":6},"end":{"line":36,"column":59}},"30":{"start":{"line":41,"column":40},"end":{"line":49,"column":1}},"31":{"start":{"line":42,"column":2},"end":{"line":48,"column":4}},"32":{"start":{"line":43,"column":4},"end":{"line":47,"column":5}},"33":{"start":{"line":44,"column":6},"end":{"line":44,"column":13}},"34":{"start":{"line":46,"column":6},"end":{"line":46,"column":41}},"35":{"start":{"line":51,"column":44},"end":{"line":55,"column":1}},"36":{"start":{"line":52,"column":2},"end":{"line":54,"column":4}},"37":{"start":{"line":53,"column":4},"end":{"line":53,"column":47}},"38":{"start":{"line":57,"column":41},"end":{"line":61,"column":1}},"39":{"start":{"line":58,"column":2},"end":{"line":60,"column":4}},"40":{"start":{"line":59,"column":4},"end":{"line":59,"column":14}},"41":{"start":{"line":63,"column":43},"end":{"line":71,"column":1}},"42":{"start":{"line":64,"column":2},"end":{"line":70,"column":4}},"43":{"start":{"line":65,"column":4},"end":{"line":69,"column":5}},"44":{"start":{"line":66,"column":6},"end":{"line":66,"column":13}},"45":{"start":{"line":68,"column":6},"end":{"line":68,"column":77}},"46":{"start":{"line":73,"column":25},"end":{"line":81,"column":1}},"47":{"start":{"line":74,"column":2},"end":{"line":80,"column":4}},"48":{"start":{"line":75,"column":4},"end":{"line":79,"column":5}},"49":{"start":{"line":76,"column":6},"end":{"line":76,"column":13}},"50":{"start":{"line":78,"column":6},"end":{"line":78,"column":74}},"51":{"start":{"line":83,"column":0},"end":{"line":152,"column":3}},"52":{"start":{"line":85,"column":27},"end":{"line":85,"column":63}},"53":{"start":{"line":87,"column":25},"end":{"line":87,"column":72}},"54":{"start":{"line":88,"column":26},"end":{"line":88,"column":49}},"55":{"start":{"line":90,"column":2},"end":{"line":102,"column":5}},"56":{"start":{"line":92,"column":22},"end":{"line":92,"column":93}},"57":{"start":{"line":93,"column":4},"end":{"line":101,"column":9}},"58":{"start":{"line":94,"column":6},"end":{"line":94,"column":40}},"59":{"start":{"line":95,"column":6},"end":{"line":95,"column":69}},"60":{"start":{"line":97,"column":8},"end":{"line":97,"column":32}},"61":{"start":{"line":98,"column":8},"end":{"line":98,"column":15}},"62":{"start":{"line":100,"column":8},"end":{"line":100,"column":18}},"63":{"start":{"line":104,"column":2},"end":{"line":112,"column":5}},"64":{"start":{"line":105,"column":4},"end":{"line":111,"column":7}},"65":{"start":{"line":106,"column":18},"end":{"line":106,"column":74}},"66":{"start":{"line":107,"column":6},"end":{"line":108,"column":111}},"67":{"start":{"line":110,"column":6},"end":{"line":110,"column":16}},"68":{"start":{"line":114,"column":2},"end":{"line":122,"column":5}},"69":{"start":{"line":115,"column":4},"end":{"line":121,"column":7}},"70":{"start":{"line":116,"column":18},"end":{"line":116,"column":67}},"71":{"start":{"line":117,"column":6},"end":{"line":118,"column":111}},"72":{"start":{"line":120,"column":6},"end":{"line":120,"column":16}},"73":{"start":{"line":124,"column":2},"end":{"line":132,"column":5}},"74":{"start":{"line":125,"column":4},"end":{"line":131,"column":7}},"75":{"start":{"line":126,"column":33},"end":{"line":126,"column":59}},"76":{"start":{"line":127,"column":18},"end":{"line":127,"column":67}},"77":{"start":{"line":128,"column":6},"end":{"line":128,"column":138}},"78":{"start":{"line":130,"column":6},"end":{"line":130,"column":16}},"79":{"start":{"line":134,"column":2},"end":{"line":141,"column":5}},"80":{"start":{"line":135,"column":4},"end":{"line":140,"column":7}},"81":{"start":{"line":136,"column":18},"end":{"line":136,"column":59}},"82":{"start":{"line":137,"column":6},"end":{"line":137,"column":120}},"83":{"start":{"line":139,"column":6},"end":{"line":139,"column":16}},"84":{"start":{"line":143,"column":2},"end":{"line":150,"column":7}},"85":{"start":{"line":144,"column":6},"end":{"line":149,"column":9}},"86":{"start":{"line":145,"column":20},"end":{"line":145,"column":43}},"87":{"start":{"line":146,"column":8},"end":{"line":146,"column":135}},"88":{"start":{"line":148,"column":8},"end":{"line":148,"column":18}}},"fnMap":{"0":{"name":"(anonymous_0)","decl":{"start":{"line":15,"column":39},"end":{"line":15,"column":40}},"loc":{"start":{"line":15,"column":59},"end":{"line":39,"column":1}},"line":15},"1":{"name":"(anonymous_1)","decl":{"start":{"line":16,"column":9},"end":{"line":16,"column":10}},"loc":{"start":{"line":16,"column":23},"end":{"line":38,"column":3}},"line":16},"2":{"name":"(anonymous_2)","decl":{"start":{"line":41,"column":40},"end":{"line":41,"column":41}},"loc":{"start":{"line":41,"column":50},"end":{"line":49,"column":1}},"line":41},"3":{"name":"(anonymous_3)","decl":{"start":{"line":42,"column":9},"end":{"line":42,"column":10}},"loc":{"start":{"line":42,"column":23},"end":{"line":48,"column":3}},"line":42},"4":{"name":"(anonymous_4)","decl":{"start":{"line":51,"column":44},"end":{"line":51,"column":45}},"loc":{"start":{"line":51,"column":54},"end":{"line":55,"column":1}},"line":51},"5":{"name":"(anonymous_5)","decl":{"start":{"line":52,"column":9},"end":{"line":52,"column":10}},"loc":{"start":{"line":52,"column":23},"end":{"line":54,"column":3}},"line":52},"6":{"name":"(anonymous_6)","decl":{"start":{"line":57,"column":41},"end":{"line":57,"column":42}},"loc":{"start":{"line":57,"column":51},"end":{"line":61,"column":1}},"line":57},"7":{"name":"(anonymous_7)","decl":{"start":{"line":58,"column":9},"end":{"line":58,"column":10}},"loc":{"start":{"line":58,"column":18},"end":{"line":60,"column":3}},"line":58},"8":{"name":"(anonymous_8)","decl":{"start":{"line":63,"column":43},"end":{"line":63,"column":44}},"loc":{"start":{"line":63,"column":53},"end":{"line":71,"column":1}},"line":63},"9":{"name":"(anonymous_9)","decl":{"start":{"line":64,"column":9},"end":{"line":64,"column":10}},"loc":{"start":{"line":64,"column":18},"end":{"line":70,"column":3}},"line":64},"10":{"name":"(anonymous_10)","decl":{"start":{"line":73,"column":25},"end":{"line":73,"column":26}},"loc":{"start":{"line":73,"column":35},"end":{"line":81,"column":1}},"line":73},"11":{"name":"(anonymous_11)","decl":{"start":{"line":74,"column":9},"end":{"line":74,"column":10}},"loc":{"start":{"line":74,"column":18},"end":{"line":80,"column":3}},"line":74},"12":{"name":"(anonymous_12)","decl":{"start":{"line":83,"column":34},"end":{"line":83,"column":35}},"loc":{"start":{"line":83,"column":40},"end":{"line":152,"column":1}},"line":83},"13":{"name":"(anonymous_13)","decl":{"start":{"line":90,"column":9},"end":{"line":90,"column":10}},"loc":{"start":{"line":90,"column":19},"end":{"line":102,"column":3}},"line":90},"14":{"name":"(anonymous_14)","decl":{"start":{"line":93,"column":50},"end":{"line":93,"column":51}},"loc":{"start":{"line":93,"column":62},"end":{"line":96,"column":5}},"line":93},"15":{"name":"(anonymous_15)","decl":{"start":{"line":96,"column":12},"end":{"line":96,"column":13}},"loc":{"start":{"line":96,"column":25},"end":{"line":99,"column":7}},"line":96},"16":{"name":"(anonymous_16)","decl":{"start":{"line":99,"column":15},"end":{"line":99,"column":16}},"loc":{"start":{"line":99,"column":24},"end":{"line":101,"column":7}},"line":99},"17":{"name":"(anonymous_17)","decl":{"start":{"line":104,"column":46},"end":{"line":104,"column":47}},"loc":{"start":{"line":104,"column":56},"end":{"line":112,"column":3}},"line":104},"18":{"name":"(anonymous_18)","decl":{"start":{"line":105,"column":86},"end":{"line":105,"column":87}},"loc":{"start":{"line":105,"column":99},"end":{"line":109,"column":5}},"line":105},"19":{"name":"(anonymous_19)","decl":{"start":{"line":109,"column":13},"end":{"line":109,"column":14}},"loc":{"start":{"line":109,"column":22},"end":{"line":111,"column":5}},"line":109},"20":{"name":"(anonymous_20)","decl":{"start":{"line":114,"column":42},"end":{"line":114,"column":43}},"loc":{"start":{"line":114,"column":52},"end":{"line":122,"column":3}},"line":114},"21":{"name":"(anonymous_21)","decl":{"start":{"line":115,"column":86},"end":{"line":115,"column":87}},"loc":{"start":{"line":115,"column":99},"end":{"line":119,"column":5}},"line":115},"22":{"name":"(anonymous_22)","decl":{"start":{"line":119,"column":13},"end":{"line":119,"column":14}},"loc":{"start":{"line":119,"column":22},"end":{"line":121,"column":5}},"line":119},"23":{"name":"(anonymous_23)","decl":{"start":{"line":124,"column":80},"end":{"line":124,"column":81}},"loc":{"start":{"line":124,"column":90},"end":{"line":132,"column":3}},"line":124},"24":{"name":"(anonymous_24)","decl":{"start":{"line":125,"column":86},"end":{"line":125,"column":87}},"loc":{"start":{"line":125,"column":99},"end":{"line":129,"column":5}},"line":125},"25":{"name":"(anonymous_25)","decl":{"start":{"line":129,"column":13},"end":{"line":129,"column":14}},"loc":{"start":{"line":129,"column":22},"end":{"line":131,"column":5}},"line":129},"26":{"name":"(anonymous_26)","decl":{"start":{"line":134,"column":77},"end":{"line":134,"column":78}},"loc":{"start":{"line":134,"column":87},"end":{"line":141,"column":3}},"line":134},"27":{"name":"(anonymous_27)","decl":{"start":{"line":135,"column":86},"end":{"line":135,"column":87}},"loc":{"start":{"line":135,"column":99},"end":{"line":138,"column":5}},"line":135},"28":{"name":"(anonymous_28)","decl":{"start":{"line":138,"column":13},"end":{"line":138,"column":14}},"loc":{"start":{"line":138,"column":22},"end":{"line":140,"column":5}},"line":138},"29":{"name":"(anonymous_29)","decl":{"start":{"line":143,"column":33},"end":{"line":143,"column":34}},"loc":{"start":{"line":143,"column":43},"end":{"line":150,"column":5}},"line":143},"30":{"name":"(anonymous_30)","decl":{"start":{"line":144,"column":88},"end":{"line":144,"column":89}},"loc":{"start":{"line":144,"column":101},"end":{"line":147,"column":7}},"line":144},"31":{"name":"(anonymous_31)","decl":{"start":{"line":147,"column":15},"end":{"line":147,"column":16}},"loc":{"start":{"line":147,"column":24},"end":{"line":149,"column":7}},"line":147}},"branchMap":{"0":{"loc":{"start":{"line":17,"column":4},"end":{"line":37,"column":5}},"type":"if","locations":[{"start":{"line":17,"column":4},"end":{"line":37,"column":5}},{"start":{"line":17,"column":4},"end":{"line":37,"column":5}}],"line":17},"1":{"loc":{"start":{"line":17,"column":8},"end":{"line":17,"column":57}},"type":"binary-expr","locations":[{"start":{"line":17,"column":8},"end":{"line":17,"column":20}},{"start":{"line":17,"column":24},"end":{"line":17,"column":57}}],"line":17},"2":{"loc":{"start":{"line":43,"column":4},"end":{"line":47,"column":5}},"type":"if","locations":[{"start":{"line":43,"column":4},"end":{"line":47,"column":5}},{"start":{"line":43,"column":4},"end":{"line":47,"column":5}}],"line":43},"3":{"loc":{"start":{"line":43,"column":8},"end":{"line":43,"column":78}},"type":"binary-expr","locations":[{"start":{"line":43,"column":8},"end":{"line":43,"column":20}},{"start":{"line":43,"column":24},"end":{"line":43,"column":41}},{"start":{"line":43,"column":45},"end":{"line":43,"column":78}}],"line":43},"4":{"loc":{"start":{"line":65,"column":4},"end":{"line":69,"column":5}},"type":"if","locations":[{"start":{"line":65,"column":4},"end":{"line":69,"column":5}},{"start":{"line":65,"column":4},"end":{"line":69,"column":5}}],"line":65},"5":{"loc":{"start":{"line":75,"column":4},"end":{"line":79,"column":5}},"type":"if","locations":[{"start":{"line":75,"column":4},"end":{"line":79,"column":5}},{"start":{"line":75,"column":4},"end":{"line":79,"column":5}}],"line":75}},"s":{"0":1,"1":1,"2":1,"3":1,"4":1,"5":1,"6":1,"7":1,"8":1,"9":1,"10":1,"11":2,"12":2,"13":2,"14":2,"15":2,"16":2,"17":2,"18":2,"19":2,"20":2,"21":2,"22":2,"23":2,"24":2,"25":2,"26":2,"27":2,"28":2,"29":0,"30":1,"31":1,"32":1,"33":1,"34":0,"35":1,"36":2,"37":0,"38":1,"39":3,"40":0,"41":1,"42":1,"43":1,"44":1,"45":0,"46":1,"47":1,"48":1,"49":1,"50":0,"51":1,"52":1,"53":1,"54":1,"55":1,"56":1,"57":1,"58":1,"59":1,"60":1,"61":1,"62":0,"63":1,"64":1,"65":1,"66":1,"67":0,"68":1,"69":1,"70":1,"71":1,"72":0,"73":1,"74":1,"75":1,"76":1,"77":1,"78":0,"79":1,"80":1,"81":1,"82":1,"83":0,"84":1,"85":1,"86":1,"87":1,"88":0},"f":{"0":2,"1":2,"2":1,"3":1,"4":2,"5":0,"6":3,"7":0,"8":1,"9":1,"10":1,"11":1,"12":1,"13":1,"14":1,"15":1,"16":0,"17":1,"18":1,"19":0,"20":1,"21":1,"22":0,"23":1,"24":1,"25":0,"26":1,"27":1,"28":0,"29":1,"30":1,"31":0},"b":{"0":[2,0],"1":[2,2],"2":[1,0],"3":[1,1,1],"4":[1,0],"5":[1,0]},"_coverageSchema":"332fd63041d2c1bcb487cc26dd0d5f7d97098a6c","hash":"1f52536599302fb85219ac8a0c17ad61ab2410d1","contentHash":"6a9c938a239561ebe3b86754ac57c9bd_11.0.2"},"/Users/zacharyrote/Desktop/sandbox/microblendr/git-source/mb-tenant-services/tenant-service/tests/find-tenant-test.js":{"path":"/Users/zacharyrote/Desktop/sandbox/microblendr/git-source/mb-tenant-services/tenant-service/tests/find-tenant-test.js","statementMap":{"0":{"start":{"line":3,"column":19},"end":{"line":3,"column":41}},"1":{"start":{"line":4,"column":19},"end":{"line":4,"column":56}},"2":{"start":{"line":5,"column":20},"end":{"line":5,"column":60}},"3":{"start":{"line":6,"column":23},"end":{"line":6,"column":66}},"4":{"start":{"line":7,"column":30},"end":{"line":7,"column":80}},"5":{"start":{"line":9,"column":26},"end":{"line":9,"column":75}},"6":{"start":{"line":10,"column":15},"end":{"line":10,"column":53}},"7":{"start":{"line":11,"column":35},"end":{"line":11,"column":92}},"8":{"start":{"line":13,"column":22},"end":{"line":13,"column":27}},"9":{"start":{"line":14,"column":13},"end":{"line":14,"column":33}},"10":{"start":{"line":15,"column":17},"end":{"line":15,"column":36}},"11":{"start":{"line":16,"column":12},"end":{"line":16,"column":35}},"12":{"start":{"line":18,"column":34},"end":{"line":39,"column":1}},"13":{"start":{"line":19,"column":2},"end":{"line":38,"column":4}},"14":{"start":{"line":20,"column":4},"end":{"line":37,"column":61}},"15":{"start":{"line":21,"column":6},"end":{"line":21,"column":82}},"16":{"start":{"line":22,"column":6},"end":{"line":22,"column":86}},"17":{"start":{"line":23,"column":6},"end":{"line":23,"column":90}},"18":{"start":{"line":24,"column":6},"end":{"line":24,"column":96}},"19":{"start":{"line":25,"column":6},"end":{"line":25,"column":94}},"20":{"start":{"line":26,"column":6},"end":{"line":26,"column":90}},"21":{"start":{"line":28,"column":6},"end":{"line":28,"column":107}},"22":{"start":{"line":29,"column":6},"end":{"line":29,"column":115}},"23":{"start":{"line":30,"column":6},"end":{"line":30,"column":127}},"24":{"start":{"line":31,"column":6},"end":{"line":32,"column":79}},"25":{"start":{"line":33,"column":6},"end":{"line":33,"column":115}},"26":{"start":{"line":35,"column":6},"end":{"line":35,"column":13}},"27":{"start":{"line":37,"column":6},"end":{"line":37,"column":61}},"28":{"start":{"line":41,"column":39},"end":{"line":49,"column":1}},"29":{"start":{"line":42,"column":2},"end":{"line":48,"column":4}},"30":{"start":{"line":43,"column":4},"end":{"line":47,"column":5}},"31":{"start":{"line":44,"column":6},"end":{"line":44,"column":46}},"32":{"start":{"line":46,"column":6},"end":{"line":46,"column":13}},"33":{"start":{"line":51,"column":35},"end":{"line":63,"column":1}},"34":{"start":{"line":52,"column":2},"end":{"line":62,"column":4}},"35":{"start":{"line":53,"column":4},"end":{"line":61,"column":5}},"36":{"start":{"line":54,"column":6},"end":{"line":58,"column":7}},"37":{"start":{"line":55,"column":8},"end":{"line":55,"column":15}},"38":{"start":{"line":57,"column":8},"end":{"line":57,"column":58}},"39":{"start":{"line":60,"column":6},"end":{"line":60,"column":78}},"40":{"start":{"line":65,"column":36},"end":{"line":69,"column":1}},"41":{"start":{"line":66,"column":2},"end":{"line":68,"column":4}},"42":{"start":{"line":67,"column":4},"end":{"line":67,"column":14}},"43":{"start":{"line":71,"column":40},"end":{"line":79,"column":1}},"44":{"start":{"line":72,"column":2},"end":{"line":78,"column":4}},"45":{"start":{"line":73,"column":4},"end":{"line":77,"column":5}},"46":{"start":{"line":74,"column":6},"end":{"line":74,"column":13}},"47":{"start":{"line":76,"column":6},"end":{"line":76,"column":77}},"48":{"start":{"line":81,"column":25},"end":{"line":89,"column":1}},"49":{"start":{"line":82,"column":2},"end":{"line":88,"column":4}},"50":{"start":{"line":83,"column":4},"end":{"line":87,"column":5}},"51":{"start":{"line":84,"column":6},"end":{"line":84,"column":13}},"52":{"start":{"line":86,"column":6},"end":{"line":86,"column":74}},"53":{"start":{"line":91,"column":0},"end":{"line":191,"column":5}},"54":{"start":{"line":92,"column":24},"end":{"line":92,"column":28}},"55":{"start":{"line":93,"column":20},"end":{"line":93,"column":58}},"56":{"start":{"line":95,"column":19},"end":{"line":95,"column":28}},"57":{"start":{"line":96,"column":23},"end":{"line":96,"column":52}},"58":{"start":{"line":98,"column":29},"end":{"line":98,"column":65}},"59":{"start":{"line":99,"column":22},"end":{"line":99,"column":60}},"60":{"start":{"line":100,"column":25},"end":{"line":100,"column":80}},"61":{"start":{"line":102,"column":28},"end":{"line":102,"column":51}},"62":{"start":{"line":107,"column":4},"end":{"line":119,"column":9}},"63":{"start":{"line":108,"column":26},"end":{"line":108,"column":63}},"64":{"start":{"line":109,"column":8},"end":{"line":109,"column":41}},"65":{"start":{"line":110,"column":8},"end":{"line":118,"column":13}},"66":{"start":{"line":111,"column":10},"end":{"line":111,"column":39}},"67":{"start":{"line":112,"column":10},"end":{"line":112,"column":73}},"68":{"start":{"line":114,"column":12},"end":{"line":114,"column":36}},"69":{"start":{"line":115,"column":12},"end":{"line":115,"column":19}},"70":{"start":{"line":117,"column":12},"end":{"line":117,"column":22}},"71":{"start":{"line":121,"column":4},"end":{"line":132,"column":9}},"72":{"start":{"line":122,"column":8},"end":{"line":131,"column":13}},"73":{"start":{"line":123,"column":12},"end":{"line":130,"column":13}},"74":{"start":{"line":124,"column":26},"end":{"line":124,"column":70}},"75":{"start":{"line":127,"column":14},"end":{"line":127,"column":132}},"76":{"start":{"line":129,"column":14},"end":{"line":129,"column":58}},"77":{"start":{"line":134,"column":4},"end":{"line":145,"column":9}},"78":{"start":{"line":135,"column":8},"end":{"line":144,"column":13}},"79":{"start":{"line":136,"column":12},"end":{"line":143,"column":13}},"80":{"start":{"line":137,"column":26},"end":{"line":137,"column":77}},"81":{"start":{"line":140,"column":14},"end":{"line":140,"column":140}},"82":{"start":{"line":142,"column":14},"end":{"line":142,"column":58}},"83":{"start":{"line":147,"column":4},"end":{"line":155,"column":7}},"84":{"start":{"line":148,"column":24},"end":{"line":148,"column":31}},"85":{"start":{"line":149,"column":6},"end":{"line":154,"column":9}},"86":{"start":{"line":150,"column":20},"end":{"line":150,"column":60}},"87":{"start":{"line":151,"column":8},"end":{"line":151,"column":107}},"88":{"start":{"line":153,"column":8},"end":{"line":153,"column":18}},"89":{"start":{"line":157,"column":4},"end":{"line":168,"column":9}},"90":{"start":{"line":158,"column":30},"end":{"line":158,"column":56}},"91":{"start":{"line":159,"column":8},"end":{"line":167,"column":13}},"92":{"start":{"line":160,"column":12},"end":{"line":166,"column":13}},"93":{"start":{"line":161,"column":14},"end":{"line":161,"column":23}},"94":{"start":{"line":162,"column":26},"end":{"line":162,"column":70}},"95":{"start":{"line":163,"column":14},"end":{"line":163,"column":128}},"96":{"start":{"line":165,"column":14},"end":{"line":165,"column":56}},"97":{"start":{"line":170,"column":4},"end":{"line":180,"column":9}},"98":{"start":{"line":171,"column":8},"end":{"line":179,"column":13}},"99":{"start":{"line":172,"column":12},"end":{"line":178,"column":13}},"100":{"start":{"line":173,"column":26},"end":{"line":173,"column":49}},"101":{"start":{"line":174,"column":14},"end":{"line":175,"column":16}},"102":{"start":{"line":177,"column":14},"end":{"line":177,"column":56}},"103":{"start":{"line":185,"column":4},"end":{"line":190,"column":9}},"104":{"start":{"line":186,"column":8},"end":{"line":189,"column":13}},"105":{"start":{"line":187,"column":12},"end":{"line":188,"column":24}},"106":{"start":{"line":187,"column":21},"end":{"line":187,"column":31}},"107":{"start":{"line":188,"column":17},"end":{"line":188,"column":24}}},"fnMap":{"0":{"name":"(anonymous_0)","decl":{"start":{"line":18,"column":34},"end":{"line":18,"column":35}},"loc":{"start":{"line":18,"column":54},"end":{"line":39,"column":1}},"line":18},"1":{"name":"(anonymous_1)","decl":{"start":{"line":19,"column":9},"end":{"line":19,"column":10}},"loc":{"start":{"line":19,"column":23},"end":{"line":38,"column":3}},"line":19},"2":{"name":"(anonymous_2)","decl":{"start":{"line":41,"column":39},"end":{"line":41,"column":40}},"loc":{"start":{"line":41,"column":49},"end":{"line":49,"column":1}},"line":41},"3":{"name":"(anonymous_3)","decl":{"start":{"line":42,"column":9},"end":{"line":42,"column":10}},"loc":{"start":{"line":42,"column":23},"end":{"line":48,"column":3}},"line":42},"4":{"name":"(anonymous_4)","decl":{"start":{"line":51,"column":35},"end":{"line":51,"column":36}},"loc":{"start":{"line":51,"column":45},"end":{"line":63,"column":1}},"line":51},"5":{"name":"(anonymous_5)","decl":{"start":{"line":52,"column":9},"end":{"line":52,"column":10}},"loc":{"start":{"line":52,"column":23},"end":{"line":62,"column":3}},"line":52},"6":{"name":"(anonymous_6)","decl":{"start":{"line":65,"column":36},"end":{"line":65,"column":37}},"loc":{"start":{"line":65,"column":46},"end":{"line":69,"column":1}},"line":65},"7":{"name":"(anonymous_7)","decl":{"start":{"line":66,"column":9},"end":{"line":66,"column":10}},"loc":{"start":{"line":66,"column":18},"end":{"line":68,"column":3}},"line":66},"8":{"name":"(anonymous_8)","decl":{"start":{"line":71,"column":40},"end":{"line":71,"column":41}},"loc":{"start":{"line":71,"column":50},"end":{"line":79,"column":1}},"line":71},"9":{"name":"(anonymous_9)","decl":{"start":{"line":72,"column":9},"end":{"line":72,"column":10}},"loc":{"start":{"line":72,"column":18},"end":{"line":78,"column":3}},"line":72},"10":{"name":"(anonymous_10)","decl":{"start":{"line":81,"column":25},"end":{"line":81,"column":26}},"loc":{"start":{"line":81,"column":35},"end":{"line":89,"column":1}},"line":81},"11":{"name":"(anonymous_11)","decl":{"start":{"line":82,"column":9},"end":{"line":82,"column":10}},"loc":{"start":{"line":82,"column":18},"end":{"line":88,"column":3}},"line":82},"12":{"name":"(anonymous_12)","decl":{"start":{"line":91,"column":24},"end":{"line":91,"column":25}},"loc":{"start":{"line":91,"column":30},"end":{"line":191,"column":3}},"line":91},"13":{"name":"(anonymous_13)","decl":{"start":{"line":107,"column":11},"end":{"line":107,"column":12}},"loc":{"start":{"line":107,"column":21},"end":{"line":119,"column":7}},"line":107},"14":{"name":"(anonymous_14)","decl":{"start":{"line":110,"column":49},"end":{"line":110,"column":50}},"loc":{"start":{"line":110,"column":61},"end":{"line":113,"column":9}},"line":110},"15":{"name":"(anonymous_15)","decl":{"start":{"line":113,"column":16},"end":{"line":113,"column":17}},"loc":{"start":{"line":113,"column":29},"end":{"line":116,"column":11}},"line":113},"16":{"name":"(anonymous_16)","decl":{"start":{"line":116,"column":19},"end":{"line":116,"column":20}},"loc":{"start":{"line":116,"column":28},"end":{"line":118,"column":11}},"line":116},"17":{"name":"(anonymous_17)","decl":{"start":{"line":121,"column":35},"end":{"line":121,"column":36}},"loc":{"start":{"line":121,"column":45},"end":{"line":132,"column":7}},"line":121},"18":{"name":"(anonymous_18)","decl":{"start":{"line":122,"column":90},"end":{"line":122,"column":91}},"loc":{"start":{"line":122,"column":103},"end":{"line":131,"column":11}},"line":122},"19":{"name":"(anonymous_19)","decl":{"start":{"line":134,"column":39},"end":{"line":134,"column":40}},"loc":{"start":{"line":134,"column":49},"end":{"line":145,"column":7}},"line":134},"20":{"name":"(anonymous_20)","decl":{"start":{"line":135,"column":90},"end":{"line":135,"column":91}},"loc":{"start":{"line":135,"column":103},"end":{"line":144,"column":11}},"line":135},"21":{"name":"(anonymous_21)","decl":{"start":{"line":147,"column":71},"end":{"line":147,"column":72}},"loc":{"start":{"line":147,"column":81},"end":{"line":155,"column":5}},"line":147},"22":{"name":"(anonymous_22)","decl":{"start":{"line":149,"column":88},"end":{"line":149,"column":89}},"loc":{"start":{"line":149,"column":101},"end":{"line":152,"column":7}},"line":149},"23":{"name":"(anonymous_23)","decl":{"start":{"line":152,"column":15},"end":{"line":152,"column":16}},"loc":{"start":{"line":152,"column":24},"end":{"line":154,"column":7}},"line":152},"24":{"name":"(anonymous_24)","decl":{"start":{"line":157,"column":65},"end":{"line":157,"column":66}},"loc":{"start":{"line":157,"column":75},"end":{"line":168,"column":7}},"line":157},"25":{"name":"(anonymous_25)","decl":{"start":{"line":159,"column":90},"end":{"line":159,"column":91}},"loc":{"start":{"line":159,"column":103},"end":{"line":167,"column":11}},"line":159},"26":{"name":"(anonymous_26)","decl":{"start":{"line":170,"column":30},"end":{"line":170,"column":31}},"loc":{"start":{"line":170,"column":40},"end":{"line":180,"column":7}},"line":170},"27":{"name":"(anonymous_27)","decl":{"start":{"line":171,"column":90},"end":{"line":171,"column":91}},"loc":{"start":{"line":171,"column":103},"end":{"line":179,"column":11}},"line":171},"28":{"name":"(anonymous_28)","decl":{"start":{"line":185,"column":10},"end":{"line":185,"column":11}},"loc":{"start":{"line":185,"column":20},"end":{"line":190,"column":7}},"line":185},"29":{"name":"(anonymous_29)","decl":{"start":{"line":186,"column":22},"end":{"line":186,"column":23}},"loc":{"start":{"line":186,"column":31},"end":{"line":189,"column":11}},"line":186}},"branchMap":{"0":{"loc":{"start":{"line":20,"column":4},"end":{"line":37,"column":61}},"type":"if","locations":[{"start":{"line":20,"column":4},"end":{"line":37,"column":61}},{"start":{"line":20,"column":4},"end":{"line":37,"column":61}}],"line":20},"1":{"loc":{"start":{"line":20,"column":8},"end":{"line":20,"column":57}},"type":"binary-expr","locations":[{"start":{"line":20,"column":8},"end":{"line":20,"column":20}},{"start":{"line":20,"column":24},"end":{"line":20,"column":57}}],"line":20},"2":{"loc":{"start":{"line":43,"column":4},"end":{"line":47,"column":5}},"type":"if","locations":[{"start":{"line":43,"column":4},"end":{"line":47,"column":5}},{"start":{"line":43,"column":4},"end":{"line":47,"column":5}}],"line":43},"3":{"loc":{"start":{"line":53,"column":4},"end":{"line":61,"column":5}},"type":"if","locations":[{"start":{"line":53,"column":4},"end":{"line":61,"column":5}},{"start":{"line":53,"column":4},"end":{"line":61,"column":5}}],"line":53},"4":{"loc":{"start":{"line":54,"column":6},"end":{"line":58,"column":7}},"type":"if","locations":[{"start":{"line":54,"column":6},"end":{"line":58,"column":7}},{"start":{"line":54,"column":6},"end":{"line":58,"column":7}}],"line":54},"5":{"loc":{"start":{"line":73,"column":4},"end":{"line":77,"column":5}},"type":"if","locations":[{"start":{"line":73,"column":4},"end":{"line":77,"column":5}},{"start":{"line":73,"column":4},"end":{"line":77,"column":5}}],"line":73},"6":{"loc":{"start":{"line":83,"column":4},"end":{"line":87,"column":5}},"type":"if","locations":[{"start":{"line":83,"column":4},"end":{"line":87,"column":5}},{"start":{"line":83,"column":4},"end":{"line":87,"column":5}}],"line":83},"7":{"loc":{"start":{"line":123,"column":12},"end":{"line":130,"column":13}},"type":"if","locations":[{"start":{"line":123,"column":12},"end":{"line":130,"column":13}},{"start":{"line":123,"column":12},"end":{"line":130,"column":13}}],"line":123},"8":{"loc":{"start":{"line":136,"column":12},"end":{"line":143,"column":13}},"type":"if","locations":[{"start":{"line":136,"column":12},"end":{"line":143,"column":13}},{"start":{"line":136,"column":12},"end":{"line":143,"column":13}}],"line":136},"9":{"loc":{"start":{"line":160,"column":12},"end":{"line":166,"column":13}},"type":"if","locations":[{"start":{"line":160,"column":12},"end":{"line":166,"column":13}},{"start":{"line":160,"column":12},"end":{"line":166,"column":13}}],"line":160},"10":{"loc":{"start":{"line":172,"column":12},"end":{"line":178,"column":13}},"type":"if","locations":[{"start":{"line":172,"column":12},"end":{"line":178,"column":13}},{"start":{"line":172,"column":12},"end":{"line":178,"column":13}}],"line":172},"11":{"loc":{"start":{"line":187,"column":12},"end":{"line":188,"column":24}},"type":"if","locations":[{"start":{"line":187,"column":12},"end":{"line":188,"column":24}},{"start":{"line":187,"column":12},"end":{"line":188,"column":24}}],"line":187}},"s":{"0":1,"1":1,"2":1,"3":1,"4":1,"5":1,"6":1,"7":1,"8":1,"9":1,"10":1,"11":1,"12":1,"13":2,"14":2,"15":2,"16":2,"17":2,"18":2,"19":2,"20":2,"21":2,"22":2,"23":2,"24":2,"25":2,"26":2,"27":0,"28":1,"29":2,"30":0,"31":0,"32":0,"33":1,"34":1,"35":1,"36":1,"37":1,"38":0,"39":0,"40":1,"41":3,"42":0,"43":1,"44":1,"45":1,"46":1,"47":0,"48":1,"49":1,"50":1,"51":1,"52":0,"53":1,"54":1,"55":1,"56":1,"57":1,"58":1,"59":1,"60":1,"61":1,"62":1,"63":1,"64":1,"65":1,"66":1,"67":1,"68":1,"69":1,"70":0,"71":1,"72":1,"73":1,"74":1,"75":1,"76":0,"77":1,"78":1,"79":1,"80":1,"81":1,"82":0,"83":1,"84":1,"85":1,"86":1,"87":1,"88":0,"89":1,"90":1,"91":1,"92":1,"93":1,"94":1,"95":1,"96":0,"97":1,"98":1,"99":1,"100":1,"101":1,"102":0,"103":1,"104":1,"105":1,"106":0,"107":1},"f":{"0":2,"1":2,"2":2,"3":0,"4":1,"5":1,"6":3,"7":0,"8":1,"9":1,"10":1,"11":1,"12":1,"13":1,"14":1,"15":1,"16":0,"17":1,"18":1,"19":1,"20":1,"21":1,"22":1,"23":0,"24":1,"25":1,"26":1,"27":1,"28":1,"29":1},"b":{"0":[2,0],"1":[2,2],"2":[0,0],"3":[1,0],"4":[1,0],"5":[1,0],"6":[1,0],"7":[1,0],"8":[1,0],"9":[1,0],"10":[1,0],"11":[0,1]},"_coverageSchema":"332fd63041d2c1bcb487cc26dd0d5f7d97098a6c","hash":"77f2b05ec6e246e79b2b0ff83dadbb5765d55c71","contentHash":"7b024289454d5a7911f7460af4b22ea9_11.0.2"},"/Users/zacharyrote/Desktop/sandbox/microblendr/git-source/mb-tenant-services/tenant-service/tests/find-user-test.js":{"path":"/Users/zacharyrote/Desktop/sandbox/microblendr/git-source/mb-tenant-services/tenant-service/tests/find-user-test.js","statementMap":{"0":{"start":{"line":2,"column":15},"end":{"line":2,"column":32}},"1":{"start":{"line":3,"column":19},"end":{"line":3,"column":41}},"2":{"start":{"line":4,"column":26},"end":{"line":4,"column":75}},"3":{"start":{"line":5,"column":15},"end":{"line":5,"column":53}},"4":{"start":{"line":6,"column":20},"end":{"line":6,"column":60}},"5":{"start":{"line":8,"column":21},"end":{"line":8,"column":62}},"6":{"start":{"line":10,"column":18},"end":{"line":10,"column":41}},"7":{"start":{"line":12,"column":25},"end":{"line":43,"column":1}},"8":{"start":{"line":13,"column":2},"end":{"line":42,"column":4}},"9":{"start":{"line":14,"column":4},"end":{"line":41,"column":5}},"10":{"start":{"line":15,"column":6},"end":{"line":15,"column":92}},"11":{"start":{"line":16,"column":6},"end":{"line":16,"column":92}},"12":{"start":{"line":17,"column":6},"end":{"line":17,"column":94}},"13":{"start":{"line":18,"column":6},"end":{"line":18,"column":92}},"14":{"start":{"line":19,"column":6},"end":{"line":19,"column":98}},"15":{"start":{"line":20,"column":6},"end":{"line":20,"column":86}},"16":{"start":{"line":21,"column":6},"end":{"line":21,"column":94}},"17":{"start":{"line":22,"column":6},"end":{"line":22,"column":92}},"18":{"start":{"line":24,"column":6},"end":{"line":25,"column":74}},"19":{"start":{"line":26,"column":6},"end":{"line":27,"column":68}},"20":{"start":{"line":28,"column":6},"end":{"line":29,"column":76}},"21":{"start":{"line":30,"column":6},"end":{"line":31,"column":71}},"22":{"start":{"line":32,"column":6},"end":{"line":33,"column":77}},"23":{"start":{"line":34,"column":6},"end":{"line":35,"column":72}},"24":{"start":{"line":36,"column":6},"end":{"line":37,"column":70}},"25":{"start":{"line":38,"column":6},"end":{"line":38,"column":13}},"26":{"start":{"line":40,"column":6},"end":{"line":40,"column":44}},"27":{"start":{"line":45,"column":35},"end":{"line":49,"column":1}},"28":{"start":{"line":46,"column":2},"end":{"line":48,"column":4}},"29":{"start":{"line":47,"column":4},"end":{"line":47,"column":14}},"30":{"start":{"line":51,"column":38},"end":{"line":55,"column":1}},"31":{"start":{"line":52,"column":2},"end":{"line":54,"column":4}},"32":{"start":{"line":53,"column":4},"end":{"line":53,"column":49}},"33":{"start":{"line":57,"column":25},"end":{"line":65,"column":1}},"34":{"start":{"line":58,"column":2},"end":{"line":64,"column":4}},"35":{"start":{"line":59,"column":4},"end":{"line":63,"column":5}},"36":{"start":{"line":60,"column":6},"end":{"line":60,"column":13}},"37":{"start":{"line":62,"column":6},"end":{"line":62,"column":52}},"38":{"start":{"line":67,"column":30},"end":{"line":75,"column":1}},"39":{"start":{"line":68,"column":2},"end":{"line":74,"column":4}},"40":{"start":{"line":69,"column":4},"end":{"line":73,"column":5}},"41":{"start":{"line":70,"column":6},"end":{"line":70,"column":13}},"42":{"start":{"line":72,"column":6},"end":{"line":72,"column":50}},"43":{"start":{"line":77,"column":0},"end":{"line":133,"column":3}},"44":{"start":{"line":78,"column":22},"end":{"line":78,"column":26}},"45":{"start":{"line":79,"column":26},"end":{"line":79,"column":49}},"46":{"start":{"line":81,"column":20},"end":{"line":81,"column":43}},"47":{"start":{"line":82,"column":23},"end":{"line":82,"column":80}},"48":{"start":{"line":84,"column":18},"end":{"line":84,"column":32}},"49":{"start":{"line":86,"column":2},"end":{"line":97,"column":5}},"50":{"start":{"line":87,"column":22},"end":{"line":87,"column":59}},"51":{"start":{"line":88,"column":4},"end":{"line":96,"column":7}},"52":{"start":{"line":89,"column":6},"end":{"line":89,"column":35}},"53":{"start":{"line":90,"column":6},"end":{"line":90,"column":69}},"54":{"start":{"line":92,"column":6},"end":{"line":92,"column":30}},"55":{"start":{"line":93,"column":6},"end":{"line":93,"column":13}},"56":{"start":{"line":95,"column":6},"end":{"line":95,"column":16}},"57":{"start":{"line":99,"column":2},"end":{"line":106,"column":5}},"58":{"start":{"line":100,"column":4},"end":{"line":105,"column":7}},"59":{"start":{"line":101,"column":18},"end":{"line":101,"column":59}},"60":{"start":{"line":102,"column":6},"end":{"line":102,"column":108}},"61":{"start":{"line":104,"column":6},"end":{"line":104,"column":16}},"62":{"start":{"line":108,"column":2},"end":{"line":115,"column":5}},"63":{"start":{"line":109,"column":4},"end":{"line":114,"column":7}},"64":{"start":{"line":110,"column":18},"end":{"line":110,"column":59}},"65":{"start":{"line":111,"column":6},"end":{"line":111,"column":100}},"66":{"start":{"line":113,"column":6},"end":{"line":113,"column":16}},"67":{"start":{"line":117,"column":2},"end":{"line":125,"column":7}},"68":{"start":{"line":118,"column":22},"end":{"line":118,"column":48}},"69":{"start":{"line":119,"column":6},"end":{"line":124,"column":9}},"70":{"start":{"line":120,"column":20},"end":{"line":120,"column":58}},"71":{"start":{"line":121,"column":8},"end":{"line":121,"column":107}},"72":{"start":{"line":123,"column":8},"end":{"line":123,"column":18}},"73":{"start":{"line":127,"column":2},"end":{"line":132,"column":5}},"74":{"start":{"line":128,"column":4},"end":{"line":131,"column":7}},"75":{"start":{"line":129,"column":6},"end":{"line":130,"column":18}},"76":{"start":{"line":129,"column":15},"end":{"line":129,"column":25}},"77":{"start":{"line":130,"column":11},"end":{"line":130,"column":18}}},"fnMap":{"0":{"name":"(anonymous_0)","decl":{"start":{"line":12,"column":25},"end":{"line":12,"column":26}},"loc":{"start":{"line":12,"column":45},"end":{"line":43,"column":1}},"line":12},"1":{"name":"(anonymous_1)","decl":{"start":{"line":13,"column":9},"end":{"line":13,"column":10}},"loc":{"start":{"line":13,"column":23},"end":{"line":42,"column":3}},"line":13},"2":{"name":"(anonymous_2)","decl":{"start":{"line":45,"column":35},"end":{"line":45,"column":36}},"loc":{"start":{"line":45,"column":45},"end":{"line":49,"column":1}},"line":45},"3":{"name":"(anonymous_3)","decl":{"start":{"line":46,"column":9},"end":{"line":46,"column":10}},"loc":{"start":{"line":46,"column":18},"end":{"line":48,"column":3}},"line":46},"4":{"name":"(anonymous_4)","decl":{"start":{"line":51,"column":38},"end":{"line":51,"column":39}},"loc":{"start":{"line":51,"column":48},"end":{"line":55,"column":1}},"line":51},"5":{"name":"(anonymous_5)","decl":{"start":{"line":52,"column":9},"end":{"line":52,"column":10}},"loc":{"start":{"line":52,"column":19},"end":{"line":54,"column":3}},"line":52},"6":{"name":"(anonymous_6)","decl":{"start":{"line":57,"column":25},"end":{"line":57,"column":26}},"loc":{"start":{"line":57,"column":35},"end":{"line":65,"column":1}},"line":57},"7":{"name":"(anonymous_7)","decl":{"start":{"line":58,"column":9},"end":{"line":58,"column":10}},"loc":{"start":{"line":58,"column":18},"end":{"line":64,"column":3}},"line":58},"8":{"name":"(anonymous_8)","decl":{"start":{"line":67,"column":30},"end":{"line":67,"column":31}},"loc":{"start":{"line":67,"column":40},"end":{"line":75,"column":1}},"line":67},"9":{"name":"(anonymous_9)","decl":{"start":{"line":68,"column":9},"end":{"line":68,"column":10}},"loc":{"start":{"line":68,"column":18},"end":{"line":74,"column":3}},"line":68},"10":{"name":"(anonymous_10)","decl":{"start":{"line":77,"column":27},"end":{"line":77,"column":28}},"loc":{"start":{"line":77,"column":33},"end":{"line":133,"column":1}},"line":77},"11":{"name":"(anonymous_11)","decl":{"start":{"line":86,"column":9},"end":{"line":86,"column":10}},"loc":{"start":{"line":86,"column":19},"end":{"line":97,"column":3}},"line":86},"12":{"name":"(anonymous_12)","decl":{"start":{"line":88,"column":43},"end":{"line":88,"column":44}},"loc":{"start":{"line":88,"column":58},"end":{"line":91,"column":5}},"line":88},"13":{"name":"(anonymous_13)","decl":{"start":{"line":91,"column":12},"end":{"line":91,"column":13}},"loc":{"start":{"line":91,"column":25},"end":{"line":94,"column":5}},"line":91},"14":{"name":"(anonymous_14)","decl":{"start":{"line":94,"column":13},"end":{"line":94,"column":14}},"loc":{"start":{"line":94,"column":22},"end":{"line":96,"column":5}},"line":94},"15":{"name":"(anonymous_15)","decl":{"start":{"line":99,"column":43},"end":{"line":99,"column":44}},"loc":{"start":{"line":99,"column":53},"end":{"line":106,"column":3}},"line":99},"16":{"name":"(anonymous_16)","decl":{"start":{"line":100,"column":86},"end":{"line":100,"column":87}},"loc":{"start":{"line":100,"column":99},"end":{"line":103,"column":5}},"line":100},"17":{"name":"(anonymous_17)","decl":{"start":{"line":103,"column":13},"end":{"line":103,"column":14}},"loc":{"start":{"line":103,"column":22},"end":{"line":105,"column":5}},"line":103},"18":{"name":"(anonymous_18)","decl":{"start":{"line":108,"column":70},"end":{"line":108,"column":71}},"loc":{"start":{"line":108,"column":80},"end":{"line":115,"column":3}},"line":108},"19":{"name":"(anonymous_19)","decl":{"start":{"line":109,"column":86},"end":{"line":109,"column":87}},"loc":{"start":{"line":109,"column":99},"end":{"line":112,"column":5}},"line":109},"20":{"name":"(anonymous_20)","decl":{"start":{"line":112,"column":13},"end":{"line":112,"column":14}},"loc":{"start":{"line":112,"column":22},"end":{"line":114,"column":5}},"line":112},"21":{"name":"(anonymous_21)","decl":{"start":{"line":117,"column":65},"end":{"line":117,"column":66}},"loc":{"start":{"line":117,"column":75},"end":{"line":125,"column":5}},"line":117},"22":{"name":"(anonymous_22)","decl":{"start":{"line":119,"column":88},"end":{"line":119,"column":89}},"loc":{"start":{"line":119,"column":101},"end":{"line":122,"column":7}},"line":119},"23":{"name":"(anonymous_23)","decl":{"start":{"line":122,"column":15},"end":{"line":122,"column":16}},"loc":{"start":{"line":122,"column":24},"end":{"line":124,"column":7}},"line":122},"24":{"name":"(anonymous_24)","decl":{"start":{"line":127,"column":8},"end":{"line":127,"column":9}},"loc":{"start":{"line":127,"column":18},"end":{"line":132,"column":3}},"line":127},"25":{"name":"(anonymous_25)","decl":{"start":{"line":128,"column":18},"end":{"line":128,"column":19}},"loc":{"start":{"line":128,"column":27},"end":{"line":131,"column":5}},"line":128}},"branchMap":{"0":{"loc":{"start":{"line":14,"column":4},"end":{"line":41,"column":5}},"type":"if","locations":[{"start":{"line":14,"column":4},"end":{"line":41,"column":5}},{"start":{"line":14,"column":4},"end":{"line":41,"column":5}}],"line":14},"1":{"loc":{"start":{"line":14,"column":8},"end":{"line":14,"column":57}},"type":"binary-expr","locations":[{"start":{"line":14,"column":8},"end":{"line":14,"column":41}},{"start":{"line":14,"column":45},"end":{"line":14,"column":57}}],"line":14},"2":{"loc":{"start":{"line":59,"column":4},"end":{"line":63,"column":5}},"type":"if","locations":[{"start":{"line":59,"column":4},"end":{"line":63,"column":5}},{"start":{"line":59,"column":4},"end":{"line":63,"column":5}}],"line":59},"3":{"loc":{"start":{"line":69,"column":4},"end":{"line":73,"column":5}},"type":"if","locations":[{"start":{"line":69,"column":4},"end":{"line":73,"column":5}},{"start":{"line":69,"column":4},"end":{"line":73,"column":5}}],"line":69},"4":{"loc":{"start":{"line":129,"column":6},"end":{"line":130,"column":18}},"type":"if","locations":[{"start":{"line":129,"column":6},"end":{"line":130,"column":18}},{"start":{"line":129,"column":6},"end":{"line":130,"column":18}}],"line":129}},"s":{"0":1,"1":1,"2":1,"3":1,"4":1,"5":1,"6":1,"7":1,"8":1,"9":1,"10":1,"11":1,"12":1,"13":1,"14":1,"15":1,"16":1,"17":1,"18":1,"19":1,"20":1,"21":1,"22":1,"23":1,"24":1,"25":1,"26":0,"27":1,"28":1,"29":0,"30":1,"31":2,"32":0,"33":1,"34":1,"35":1,"36":1,"37":0,"38":1,"39":1,"40":1,"41":1,"42":0,"43":1,"44":1,"45":1,"46":1,"47":1,"48":1,"49":1,"50":1,"51":1,"52":1,"53":1,"54":1,"55":1,"56":0,"57":1,"58":1,"59":1,"60":1,"61":0,"62":1,"63":1,"64":1,"65":1,"66":0,"67":1,"68":1,"69":1,"70":1,"71":1,"72":0,"73":1,"74":1,"75":1,"76":0,"77":1},"f":{"0":1,"1":1,"2":1,"3":0,"4":2,"5":0,"6":1,"7":1,"8":1,"9":1,"10":1,"11":1,"12":1,"13":1,"14":0,"15":1,"16":1,"17":0,"18":1,"19":1,"20":0,"21":1,"22":1,"23":0,"24":1,"25":1},"b":{"0":[1,0],"1":[1,1],"2":[1,0],"3":[1,0],"4":[0,1]},"_coverageSchema":"332fd63041d2c1bcb487cc26dd0d5f7d97098a6c","hash":"3bdca8c6dec218aec7aaa9682072e19ed86b153a","contentHash":"45061cddf317b0802c31cc8466bdf672_11.0.2"},"/Users/zacharyrote/Desktop/sandbox/microblendr/git-source/mb-tenant-services/tenant-service/tests/post-account-test.js":{"path":"/Users/zacharyrote/Desktop/sandbox/microblendr/git-source/mb-tenant-services/tenant-service/tests/post-account-test.js","statementMap":{"0":{"start":{"line":3,"column":26},"end":{"line":3,"column":75}},"1":{"start":{"line":4,"column":20},"end":{"line":4,"column":60}},"2":{"start":{"line":5,"column":30},"end":{"line":5,"column":80}},"3":{"start":{"line":6,"column":24},"end":{"line":6,"column":68}},"4":{"start":{"line":7,"column":23},"end":{"line":7,"column":66}},"5":{"start":{"line":9,"column":35},"end":{"line":9,"column":92}},"6":{"start":{"line":11,"column":22},"end":{"line":11,"column":27}},"7":{"start":{"line":13,"column":35},"end":{"line":21,"column":1}},"8":{"start":{"line":14,"column":2},"end":{"line":20,"column":4}},"9":{"start":{"line":15,"column":4},"end":{"line":19,"column":5}},"10":{"start":{"line":16,"column":6},"end":{"line":16,"column":13}},"11":{"start":{"line":18,"column":6},"end":{"line":18,"column":49}},"12":{"start":{"line":23,"column":39},"end":{"line":27,"column":1}},"13":{"start":{"line":24,"column":2},"end":{"line":26,"column":4}},"14":{"start":{"line":25,"column":4},"end":{"line":25,"column":16}},"15":{"start":{"line":29,"column":0},"end":{"line":71,"column":3}},"16":{"start":{"line":30,"column":22},"end":{"line":30,"column":26}},"17":{"start":{"line":31,"column":18},"end":{"line":31,"column":56}},"18":{"start":{"line":33,"column":27},"end":{"line":33,"column":63}},"19":{"start":{"line":35,"column":23},"end":{"line":35,"column":78}},"20":{"start":{"line":37,"column":26},"end":{"line":37,"column":63}},"21":{"start":{"line":38,"column":21},"end":{"line":38,"column":38}},"22":{"start":{"line":39,"column":20},"end":{"line":39,"column":36}},"23":{"start":{"line":41,"column":26},"end":{"line":41,"column":49}},"24":{"start":{"line":43,"column":2},"end":{"line":56,"column":5}},"25":{"start":{"line":44,"column":4},"end":{"line":55,"column":7}},"26":{"start":{"line":45,"column":6},"end":{"line":45,"column":57}},"27":{"start":{"line":46,"column":6},"end":{"line":46,"column":69}},"28":{"start":{"line":48,"column":6},"end":{"line":48,"column":30}},"29":{"start":{"line":49,"column":6},"end":{"line":49,"column":75}},"30":{"start":{"line":50,"column":6},"end":{"line":50,"column":75}},"31":{"start":{"line":52,"column":6},"end":{"line":52,"column":13}},"32":{"start":{"line":54,"column":6},"end":{"line":54,"column":16}},"33":{"start":{"line":58,"column":2},"end":{"line":63,"column":5}},"34":{"start":{"line":59,"column":4},"end":{"line":62,"column":7}},"35":{"start":{"line":60,"column":20},"end":{"line":60,"column":66}},"36":{"start":{"line":61,"column":6},"end":{"line":61,"column":120}},"37":{"start":{"line":65,"column":2},"end":{"line":70,"column":5}},"38":{"start":{"line":66,"column":4},"end":{"line":69,"column":7}},"39":{"start":{"line":67,"column":6},"end":{"line":68,"column":18}},"40":{"start":{"line":67,"column":15},"end":{"line":67,"column":25}},"41":{"start":{"line":68,"column":11},"end":{"line":68,"column":18}}},"fnMap":{"0":{"name":"(anonymous_0)","decl":{"start":{"line":13,"column":35},"end":{"line":13,"column":36}},"loc":{"start":{"line":13,"column":45},"end":{"line":21,"column":1}},"line":13},"1":{"name":"(anonymous_1)","decl":{"start":{"line":14,"column":9},"end":{"line":14,"column":10}},"loc":{"start":{"line":14,"column":23},"end":{"line":20,"column":3}},"line":14},"2":{"name":"(anonymous_2)","decl":{"start":{"line":23,"column":39},"end":{"line":23,"column":40}},"loc":{"start":{"line":23,"column":49},"end":{"line":27,"column":1}},"line":23},"3":{"name":"(anonymous_3)","decl":{"start":{"line":24,"column":9},"end":{"line":24,"column":10}},"loc":{"start":{"line":24,"column":20},"end":{"line":26,"column":3}},"line":24},"4":{"name":"(anonymous_4)","decl":{"start":{"line":29,"column":30},"end":{"line":29,"column":31}},"loc":{"start":{"line":29,"column":36},"end":{"line":71,"column":1}},"line":29},"5":{"name":"(anonymous_5)","decl":{"start":{"line":43,"column":9},"end":{"line":43,"column":10}},"loc":{"start":{"line":43,"column":19},"end":{"line":56,"column":3}},"line":43},"6":{"name":"(anonymous_6)","decl":{"start":{"line":44,"column":51},"end":{"line":44,"column":52}},"loc":{"start":{"line":44,"column":68},"end":{"line":47,"column":5}},"line":44},"7":{"name":"(anonymous_7)","decl":{"start":{"line":47,"column":12},"end":{"line":47,"column":13}},"loc":{"start":{"line":47,"column":25},"end":{"line":51,"column":5}},"line":47},"8":{"name":"(anonymous_8)","decl":{"start":{"line":51,"column":12},"end":{"line":51,"column":13}},"loc":{"start":{"line":51,"column":18},"end":{"line":53,"column":5}},"line":51},"9":{"name":"(anonymous_9)","decl":{"start":{"line":53,"column":13},"end":{"line":53,"column":14}},"loc":{"start":{"line":53,"column":22},"end":{"line":55,"column":5}},"line":53},"10":{"name":"(anonymous_10)","decl":{"start":{"line":58,"column":28},"end":{"line":58,"column":29}},"loc":{"start":{"line":58,"column":38},"end":{"line":63,"column":3}},"line":58},"11":{"name":"(anonymous_11)","decl":{"start":{"line":59,"column":86},"end":{"line":59,"column":87}},"loc":{"start":{"line":59,"column":99},"end":{"line":62,"column":5}},"line":59},"12":{"name":"(anonymous_12)","decl":{"start":{"line":65,"column":8},"end":{"line":65,"column":9}},"loc":{"start":{"line":65,"column":18},"end":{"line":70,"column":3}},"line":65},"13":{"name":"(anonymous_13)","decl":{"start":{"line":66,"column":18},"end":{"line":66,"column":19}},"loc":{"start":{"line":66,"column":27},"end":{"line":69,"column":5}},"line":66}},"branchMap":{"0":{"loc":{"start":{"line":15,"column":4},"end":{"line":19,"column":5}},"type":"if","locations":[{"start":{"line":15,"column":4},"end":{"line":19,"column":5}},{"start":{"line":15,"column":4},"end":{"line":19,"column":5}}],"line":15},"1":{"loc":{"start":{"line":67,"column":6},"end":{"line":68,"column":18}},"type":"if","locations":[{"start":{"line":67,"column":6},"end":{"line":68,"column":18}},{"start":{"line":67,"column":6},"end":{"line":68,"column":18}}],"line":67}},"s":{"0":1,"1":1,"2":1,"3":1,"4":1,"5":1,"6":1,"7":1,"8":1,"9":1,"10":1,"11":0,"12":1,"13":1,"14":0,"15":1,"16":1,"17":1,"18":1,"19":1,"20":1,"21":1,"22":1,"23":1,"24":1,"25":1,"26":1,"27":1,"28":1,"29":1,"30":1,"31":1,"32":0,"33":1,"34":1,"35":1,"36":1,"37":1,"38":1,"39":1,"40":0,"41":1},"f":{"0":1,"1":1,"2":1,"3":0,"4":1,"5":1,"6":1,"7":1,"8":1,"9":0,"10":1,"11":1,"12":1,"13":1},"b":{"0":[1,0],"1":[0,1]},"_coverageSchema":"332fd63041d2c1bcb487cc26dd0d5f7d97098a6c","hash":"f08dc83c29e011fefa3d9a70c40f3084211c207f","contentHash":"886a56c301f03b96dc9de5e336212de6_11.0.2"},"/Users/zacharyrote/Desktop/sandbox/microblendr/git-source/mb-tenant-services/tenant-service/tests/post-application-test.js":{"path":"/Users/zacharyrote/Desktop/sandbox/microblendr/git-source/mb-tenant-services/tenant-service/tests/post-application-test.js","statementMap":{"0":{"start":{"line":2,"column":19},"end":{"line":2,"column":56}},"1":{"start":{"line":3,"column":15},"end":{"line":3,"column":32}},"2":{"start":{"line":5,"column":26},"end":{"line":5,"column":75}},"3":{"start":{"line":6,"column":20},"end":{"line":6,"column":60}},"4":{"start":{"line":8,"column":28},"end":{"line":8,"column":76}},"5":{"start":{"line":9,"column":24},"end":{"line":9,"column":68}},"6":{"start":{"line":10,"column":23},"end":{"line":10,"column":66}},"7":{"start":{"line":12,"column":30},"end":{"line":12,"column":80}},"8":{"start":{"line":13,"column":35},"end":{"line":13,"column":92}},"9":{"start":{"line":15,"column":22},"end":{"line":15,"column":27}},"10":{"start":{"line":17,"column":39},"end":{"line":25,"column":1}},"11":{"start":{"line":18,"column":2},"end":{"line":24,"column":4}},"12":{"start":{"line":19,"column":4},"end":{"line":23,"column":5}},"13":{"start":{"line":20,"column":6},"end":{"line":20,"column":13}},"14":{"start":{"line":22,"column":6},"end":{"line":22,"column":53}},"15":{"start":{"line":27,"column":43},"end":{"line":31,"column":1}},"16":{"start":{"line":28,"column":2},"end":{"line":30,"column":4}},"17":{"start":{"line":29,"column":4},"end":{"line":29,"column":16}},"18":{"start":{"line":33,"column":0},"end":{"line":83,"column":5}},"19":{"start":{"line":34,"column":24},"end":{"line":34,"column":28}},"20":{"start":{"line":35,"column":20},"end":{"line":35,"column":58}},"21":{"start":{"line":36,"column":27},"end":{"line":36,"column":48}},"22":{"start":{"line":37,"column":22},"end":{"line":37,"column":38}},"23":{"start":{"line":38,"column":23},"end":{"line":38,"column":40}},"24":{"start":{"line":40,"column":29},"end":{"line":40,"column":65}},"25":{"start":{"line":41,"column":25},"end":{"line":41,"column":80}},"26":{"start":{"line":43,"column":28},"end":{"line":43,"column":65}},"27":{"start":{"line":44,"column":29},"end":{"line":44,"column":67}},"28":{"start":{"line":46,"column":28},"end":{"line":46,"column":51}},"29":{"start":{"line":47,"column":4},"end":{"line":63,"column":7}},"30":{"start":{"line":48,"column":6},"end":{"line":62,"column":9}},"31":{"start":{"line":49,"column":8},"end":{"line":49,"column":63}},"32":{"start":{"line":50,"column":8},"end":{"line":50,"column":59}},"33":{"start":{"line":52,"column":8},"end":{"line":52,"column":65}},"34":{"start":{"line":53,"column":8},"end":{"line":53,"column":71}},"35":{"start":{"line":55,"column":8},"end":{"line":55,"column":32}},"36":{"start":{"line":56,"column":8},"end":{"line":56,"column":77}},"37":{"start":{"line":57,"column":8},"end":{"line":57,"column":77}},"38":{"start":{"line":59,"column":8},"end":{"line":59,"column":15}},"39":{"start":{"line":61,"column":8},"end":{"line":61,"column":18}},"40":{"start":{"line":65,"column":4},"end":{"line":75,"column":9}},"41":{"start":{"line":66,"column":8},"end":{"line":74,"column":13}},"42":{"start":{"line":67,"column":12},"end":{"line":67,"column":21}},"43":{"start":{"line":68,"column":12},"end":{"line":73,"column":13}},"44":{"start":{"line":69,"column":28},"end":{"line":69,"column":82}},"45":{"start":{"line":70,"column":14},"end":{"line":70,"column":144}},"46":{"start":{"line":72,"column":14},"end":{"line":72,"column":63}},"47":{"start":{"line":77,"column":4},"end":{"line":82,"column":9}},"48":{"start":{"line":78,"column":8},"end":{"line":81,"column":13}},"49":{"start":{"line":79,"column":12},"end":{"line":80,"column":24}},"50":{"start":{"line":79,"column":21},"end":{"line":79,"column":31}},"51":{"start":{"line":80,"column":17},"end":{"line":80,"column":24}}},"fnMap":{"0":{"name":"(anonymous_0)","decl":{"start":{"line":17,"column":39},"end":{"line":17,"column":40}},"loc":{"start":{"line":17,"column":49},"end":{"line":25,"column":1}},"line":17},"1":{"name":"(anonymous_1)","decl":{"start":{"line":18,"column":9},"end":{"line":18,"column":10}},"loc":{"start":{"line":18,"column":23},"end":{"line":24,"column":3}},"line":18},"2":{"name":"(anonymous_2)","decl":{"start":{"line":27,"column":43},"end":{"line":27,"column":44}},"loc":{"start":{"line":27,"column":53},"end":{"line":31,"column":1}},"line":27},"3":{"name":"(anonymous_3)","decl":{"start":{"line":28,"column":9},"end":{"line":28,"column":10}},"loc":{"start":{"line":28,"column":20},"end":{"line":30,"column":3}},"line":28},"4":{"name":"(anonymous_4)","decl":{"start":{"line":33,"column":29},"end":{"line":33,"column":30}},"loc":{"start":{"line":33,"column":39},"end":{"line":83,"column":3}},"line":33},"5":{"name":"(anonymous_5)","decl":{"start":{"line":47,"column":11},"end":{"line":47,"column":12}},"loc":{"start":{"line":47,"column":21},"end":{"line":63,"column":5}},"line":47},"6":{"name":"(anonymous_6)","decl":{"start":{"line":48,"column":53},"end":{"line":48,"column":54}},"loc":{"start":{"line":48,"column":70},"end":{"line":51,"column":7}},"line":48},"7":{"name":"(anonymous_7)","decl":{"start":{"line":51,"column":14},"end":{"line":51,"column":15}},"loc":{"start":{"line":51,"column":32},"end":{"line":54,"column":7}},"line":51},"8":{"name":"(anonymous_8)","decl":{"start":{"line":54,"column":14},"end":{"line":54,"column":15}},"loc":{"start":{"line":54,"column":27},"end":{"line":58,"column":7}},"line":54},"9":{"name":"(anonymous_9)","decl":{"start":{"line":58,"column":14},"end":{"line":58,"column":15}},"loc":{"start":{"line":58,"column":20},"end":{"line":60,"column":7}},"line":58},"10":{"name":"(anonymous_10)","decl":{"start":{"line":60,"column":15},"end":{"line":60,"column":16}},"loc":{"start":{"line":60,"column":24},"end":{"line":62,"column":7}},"line":60},"11":{"name":"(anonymous_11)","decl":{"start":{"line":65,"column":34},"end":{"line":65,"column":35}},"loc":{"start":{"line":65,"column":44},"end":{"line":75,"column":7}},"line":65},"12":{"name":"(anonymous_12)","decl":{"start":{"line":66,"column":90},"end":{"line":66,"column":91}},"loc":{"start":{"line":66,"column":103},"end":{"line":74,"column":11}},"line":66},"13":{"name":"(anonymous_13)","decl":{"start":{"line":77,"column":10},"end":{"line":77,"column":11}},"loc":{"start":{"line":77,"column":20},"end":{"line":82,"column":7}},"line":77},"14":{"name":"(anonymous_14)","decl":{"start":{"line":78,"column":22},"end":{"line":78,"column":23}},"loc":{"start":{"line":78,"column":31},"end":{"line":81,"column":11}},"line":78}},"branchMap":{"0":{"loc":{"start":{"line":19,"column":4},"end":{"line":23,"column":5}},"type":"if","locations":[{"start":{"line":19,"column":4},"end":{"line":23,"column":5}},{"start":{"line":19,"column":4},"end":{"line":23,"column":5}}],"line":19},"1":{"loc":{"start":{"line":68,"column":12},"end":{"line":73,"column":13}},"type":"if","locations":[{"start":{"line":68,"column":12},"end":{"line":73,"column":13}},{"start":{"line":68,"column":12},"end":{"line":73,"column":13}}],"line":68},"2":{"loc":{"start":{"line":79,"column":12},"end":{"line":80,"column":24}},"type":"if","locations":[{"start":{"line":79,"column":12},"end":{"line":80,"column":24}},{"start":{"line":79,"column":12},"end":{"line":80,"column":24}}],"line":79}},"s":{"0":1,"1":1,"2":1,"3":1,"4":1,"5":1,"6":1,"7":1,"8":1,"9":1,"10":1,"11":1,"12":1,"13":1,"14":0,"15":1,"16":1,"17":0,"18":1,"19":1,"20":1,"21":1,"22":1,"23":1,"24":1,"25":1,"26":1,"27":1,"28":1,"29":1,"30":1,"31":1,"32":1,"33":1,"34":1,"35":1,"36":1,"37":1,"38":1,"39":0,"40":1,"41":1,"42":1,"43":1,"44":1,"45":1,"46":0,"47":1,"48":1,"49":1,"50":0,"51":1},"f":{"0":1,"1":1,"2":1,"3":0,"4":1,"5":1,"6":1,"7":1,"8":1,"9":1,"10":0,"11":1,"12":1,"13":1,"14":1},"b":{"0":[1,0],"1":[1,0],"2":[0,1]},"_coverageSchema":"332fd63041d2c1bcb487cc26dd0d5f7d97098a6c","hash":"0191dee7840da2299fa6d81eb0ef736e53ee4165","contentHash":"325fd5f8e7f87a8974a2e4b4a8e1e767_11.0.2"},"/Users/zacharyrote/Desktop/sandbox/microblendr/git-source/mb-tenant-services/tenant-service/tests/post-tenant-test.js":{"path":"/Users/zacharyrote/Desktop/sandbox/microblendr/git-source/mb-tenant-services/tenant-service/tests/post-tenant-test.js","statementMap":{"0":{"start":{"line":2,"column":15},"end":{"line":2,"column":32}},"1":{"start":{"line":3,"column":19},"end":{"line":3,"column":56}},"2":{"start":{"line":4,"column":13},"end":{"line":4,"column":33}},"3":{"start":{"line":5,"column":19},"end":{"line":5,"column":41}},"4":{"start":{"line":7,"column":25},"end":{"line":7,"column":73}},"5":{"start":{"line":8,"column":35},"end":{"line":8,"column":92}},"6":{"start":{"line":9,"column":29},"end":{"line":9,"column":78}},"7":{"start":{"line":11,"column":24},"end":{"line":11,"column":71}},"8":{"start":{"line":12,"column":26},"end":{"line":12,"column":75}},"9":{"start":{"line":13,"column":15},"end":{"line":13,"column":53}},"10":{"start":{"line":15,"column":23},"end":{"line":15,"column":66}},"11":{"start":{"line":16,"column":30},"end":{"line":16,"column":80}},"12":{"start":{"line":18,"column":22},"end":{"line":18,"column":27}},"13":{"start":{"line":20,"column":17},"end":{"line":20,"column":36}},"14":{"start":{"line":21,"column":12},"end":{"line":21,"column":35}},"15":{"start":{"line":23,"column":32},"end":{"line":45,"column":1}},"16":{"start":{"line":24,"column":2},"end":{"line":44,"column":4}},"17":{"start":{"line":25,"column":4},"end":{"line":43,"column":5}},"18":{"start":{"line":26,"column":6},"end":{"line":26,"column":80}},"19":{"start":{"line":27,"column":6},"end":{"line":27,"column":84}},"20":{"start":{"line":28,"column":6},"end":{"line":28,"column":88}},"21":{"start":{"line":29,"column":6},"end":{"line":29,"column":88}},"22":{"start":{"line":30,"column":6},"end":{"line":30,"column":94}},"23":{"start":{"line":31,"column":6},"end":{"line":31,"column":92}},"24":{"start":{"line":33,"column":6},"end":{"line":33,"column":114}},"25":{"start":{"line":36,"column":28},"end":{"line":36,"column":49}},"26":{"start":{"line":37,"column":20},"end":{"line":37,"column":93}},"27":{"start":{"line":38,"column":6},"end":{"line":38,"column":118}},"28":{"start":{"line":39,"column":6},"end":{"line":39,"column":91}},"29":{"start":{"line":40,"column":6},"end":{"line":40,"column":13}},"30":{"start":{"line":42,"column":6},"end":{"line":42,"column":50}},"31":{"start":{"line":47,"column":37},"end":{"line":51,"column":1}},"32":{"start":{"line":48,"column":2},"end":{"line":50,"column":4}},"33":{"start":{"line":49,"column":4},"end":{"line":49,"column":14}},"34":{"start":{"line":53,"column":0},"end":{"line":97,"column":5}},"35":{"start":{"line":54,"column":24},"end":{"line":54,"column":28}},"36":{"start":{"line":55,"column":20},"end":{"line":55,"column":43}},"37":{"start":{"line":57,"column":29},"end":{"line":57,"column":65}},"38":{"start":{"line":59,"column":19},"end":{"line":59,"column":28}},"39":{"start":{"line":60,"column":23},"end":{"line":60,"column":52}},"40":{"start":{"line":62,"column":22},"end":{"line":62,"column":60}},"41":{"start":{"line":63,"column":28},"end":{"line":63,"column":51}},"42":{"start":{"line":64,"column":25},"end":{"line":64,"column":80}},"43":{"start":{"line":66,"column":4},"end":{"line":78,"column":7}},"44":{"start":{"line":67,"column":6},"end":{"line":77,"column":9}},"45":{"start":{"line":68,"column":8},"end":{"line":68,"column":31}},"46":{"start":{"line":69,"column":8},"end":{"line":69,"column":77}},"47":{"start":{"line":70,"column":8},"end":{"line":74,"column":11}},"48":{"start":{"line":71,"column":10},"end":{"line":71,"column":17}},"49":{"start":{"line":73,"column":10},"end":{"line":73,"column":20}},"50":{"start":{"line":76,"column":8},"end":{"line":76,"column":18}},"51":{"start":{"line":80,"column":4},"end":{"line":89,"column":9}},"52":{"start":{"line":81,"column":8},"end":{"line":88,"column":13}},"53":{"start":{"line":82,"column":12},"end":{"line":87,"column":13}},"54":{"start":{"line":83,"column":28},"end":{"line":83,"column":72}},"55":{"start":{"line":84,"column":14},"end":{"line":84,"column":134}},"56":{"start":{"line":86,"column":14},"end":{"line":86,"column":58}},"57":{"start":{"line":91,"column":4},"end":{"line":96,"column":9}},"58":{"start":{"line":92,"column":8},"end":{"line":95,"column":13}},"59":{"start":{"line":93,"column":12},"end":{"line":94,"column":24}},"60":{"start":{"line":93,"column":21},"end":{"line":93,"column":31}},"61":{"start":{"line":94,"column":17},"end":{"line":94,"column":24}}},"fnMap":{"0":{"name":"(anonymous_0)","decl":{"start":{"line":23,"column":32},"end":{"line":23,"column":33}},"loc":{"start":{"line":23,"column":52},"end":{"line":45,"column":1}},"line":23},"1":{"name":"(anonymous_1)","decl":{"start":{"line":24,"column":9},"end":{"line":24,"column":10}},"loc":{"start":{"line":24,"column":23},"end":{"line":44,"column":3}},"line":24},"2":{"name":"(anonymous_2)","decl":{"start":{"line":47,"column":37},"end":{"line":47,"column":38}},"loc":{"start":{"line":47,"column":47},"end":{"line":51,"column":1}},"line":47},"3":{"name":"(anonymous_3)","decl":{"start":{"line":48,"column":9},"end":{"line":48,"column":10}},"loc":{"start":{"line":48,"column":18},"end":{"line":50,"column":3}},"line":48},"4":{"name":"(anonymous_4)","decl":{"start":{"line":53,"column":24},"end":{"line":53,"column":25}},"loc":{"start":{"line":53,"column":34},"end":{"line":97,"column":3}},"line":53},"5":{"name":"(anonymous_5)","decl":{"start":{"line":66,"column":11},"end":{"line":66,"column":12}},"loc":{"start":{"line":66,"column":21},"end":{"line":78,"column":5}},"line":66},"6":{"name":"(anonymous_6)","decl":{"start":{"line":67,"column":67},"end":{"line":67,"column":68}},"loc":{"start":{"line":67,"column":79},"end":{"line":75,"column":7}},"line":67},"7":{"name":"(anonymous_7)","decl":{"start":{"line":70,"column":75},"end":{"line":70,"column":76}},"loc":{"start":{"line":70,"column":81},"end":{"line":72,"column":9}},"line":70},"8":{"name":"(anonymous_8)","decl":{"start":{"line":72,"column":17},"end":{"line":72,"column":18}},"loc":{"start":{"line":72,"column":26},"end":{"line":74,"column":9}},"line":72},"9":{"name":"(anonymous_9)","decl":{"start":{"line":75,"column":15},"end":{"line":75,"column":16}},"loc":{"start":{"line":75,"column":24},"end":{"line":77,"column":7}},"line":75},"10":{"name":"(anonymous_10)","decl":{"start":{"line":80,"column":35},"end":{"line":80,"column":36}},"loc":{"start":{"line":80,"column":45},"end":{"line":89,"column":7}},"line":80},"11":{"name":"(anonymous_11)","decl":{"start":{"line":81,"column":90},"end":{"line":81,"column":91}},"loc":{"start":{"line":81,"column":103},"end":{"line":88,"column":11}},"line":81},"12":{"name":"(anonymous_12)","decl":{"start":{"line":91,"column":10},"end":{"line":91,"column":11}},"loc":{"start":{"line":91,"column":20},"end":{"line":96,"column":7}},"line":91},"13":{"name":"(anonymous_13)","decl":{"start":{"line":92,"column":22},"end":{"line":92,"column":23}},"loc":{"start":{"line":92,"column":31},"end":{"line":95,"column":11}},"line":92
[...]
"end":{"line":18,"column":39}},"13":{"start":{"line":19,"column":20},"end":{"line":19,"column":35}},"14":{"start":{"line":21,"column":4},"end":{"line":39,"column":7}},"15":{"start":{"line":22,"column":6},"end":{"line":26,"column":7}},"16":{"start":{"line":23,"column":8},"end":{"line":23,"column":86}},"17":{"start":{"line":25,"column":8},"end":{"line":25,"column":44}},"18":{"start":{"line":28,"column":6},"end":{"line":32,"column":7}},"19":{"start":{"line":29,"column":8},"end":{"line":29,"column":46}},"20":{"start":{"line":31,"column":8},"end":{"line":31,"column":71}},"21":{"start":{"line":34,"column":6},"end":{"line":38,"column":7}},"22":{"start":{"line":35,"column":8},"end":{"line":35,"column":31}},"23":{"start":{"line":37,"column":8},"end":{"line":37,"column":91}},"24":{"start":{"line":43,"column":17},"end":{"line":86,"column":1}},"25":{"start":{"line":44,"column":2},"end":{"line":85,"column":4}},"26":{"start":{"line":45,"column":15},"end":{"line":45,"column":23}},"27":{"start":{"line":46,"column":20},"end":{"line":46,"column":35}},"28":{"start":{"line":47,"column":22},"end":{"line":47,"column":39}},"29":{"start":{"line":48,"column":24},"end":{"line":48,"column":43}},"30":{"start":{"line":49,"column":25},"end":{"line":49,"column":45}},"31":{"start":{"line":51,"column":4},"end":{"line":51,"column":42}},"32":{"start":{"line":53,"column":4},"end":{"line":84,"column":7}},"33":{"start":{"line":54,"column":6},"end":{"line":58,"column":7}},"34":{"start":{"line":55,"column":8},"end":{"line":55,"column":86}},"35":{"start":{"line":57,"column":8},"end":{"line":57,"column":59}},"36":{"start":{"line":60,"column":6},"end":{"line":64,"column":7}},"37":{"start":{"line":61,"column":8},"end":{"line":61,"column":62}},"38":{"start":{"line":63,"column":8},"end":{"line":63,"column":104}},"39":{"start":{"line":66,"column":6},"end":{"line":70,"column":7}},"40":{"start":{"line":67,"column":8},"end":{"line":67,"column":61}},"41":{"start":{"line":69,"column":8},"end":{"line":69,"column":105}},"42":{"start":{"line":72,"column":6},"end":{"line":76,"column":7}},"43":{"start":{"line":73,"column":8},"end":{"line":73,"column":111}},"44":{"start":{"line":75,"column":8},"end":{"line":75,"column":42}},"45":{"start":{"line":78,"column":6},"end":{"line":78,"column":49}},"46":{"start":{"line":80,"column":6},"end":{"line":83,"column":91}},"47":{"start":{"line":81,"column":8},"end":{"line":81,"column":31}},"48":{"start":{"line":83,"column":8},"end":{"line":83,"column":91}},"49":{"start":{"line":88,"column":19},"end":{"line":132,"column":1}},"50":{"start":{"line":89,"column":2},"end":{"line":131,"column":4}},"51":{"start":{"line":90,"column":15},"end":{"line":90,"column":23}},"52":{"start":{"line":91,"column":20},"end":{"line":91,"column":35}},"53":{"start":{"line":92,"column":22},"end":{"line":92,"column":39}},"54":{"start":{"line":93,"column":24},"end":{"line":93,"column":43}},"55":{"start":{"line":94,"column":25},"end":{"line":94,"column":45}},"56":{"start":{"line":96,"column":4},"end":{"line":96,"column":43}},"57":{"start":{"line":98,"column":4},"end":{"line":130,"column":7}},"58":{"start":{"line":99,"column":6},"end":{"line":103,"column":7}},"59":{"start":{"line":100,"column":8},"end":{"line":100,"column":86}},"60":{"start":{"line":102,"column":8},"end":{"line":102,"column":59}},"61":{"start":{"line":105,"column":6},"end":{"line":109,"column":7}},"62":{"start":{"line":106,"column":8},"end":{"line":106,"column":62}},"63":{"start":{"line":108,"column":8},"end":{"line":108,"column":104}},"64":{"start":{"line":111,"column":6},"end":{"line":115,"column":7}},"65":{"start":{"line":112,"column":8},"end":{"line":112,"column":49}},"66":{"start":{"line":114,"column":8},"end":{"line":114,"column":105}},"67":{"start":{"line":117,"column":6},"end":{"line":121,"column":7}},"68":{"start":{"line":118,"column":8},"end":{"line":118,"column":44}},"69":{"start":{"line":120,"column":8},"end":{"line":120,"column":101}},"70":{"start":{"line":123,"column":6},"end":{"line":123,"column":50}},"71":{"start":{"line":125,"column":6},"end":{"line":129,"column":7}},"72":{"start":{"line":126,"column":8},"end":{"line":126,"column":31}},"73":{"start":{"line":128,"column":8},"end":{"line":128,"column":91}},"74":{"start":{"line":134,"column":0},"end":{"line":134,"column":28}},"75":{"start":{"line":135,"column":0},"end":{"line":135,"column":32}},"76":{"start":{"line":136,"column":0},"end":{"line":136,"column":26}}},"fnMap":{"0":{"name":"(anonymous_0)","decl":{"start":{"line":15,"column":16},"end":{"line":15,"column":17}},"loc":{"start":{"line":15,"column":25},"end":{"line":41,"column":1}},"line":15},"1":{"name":"(anonymous_1)","decl":{"start":{"line":16,"column":9},"end":{"line":16,"column":10}},"loc":{"start":{"line":16,"column":23},"end":{"line":40,"column":3}},"line":16},"2":{"name":"(anonymous_2)","decl":{"start":{"line":21,"column":40},"end":{"line":21,"column":41}},"loc":{"start":{"line":21,"column":52},"end":{"line":27,"column":5}},"line":21},"3":{"name":"(anonymous_3)","decl":{"start":{"line":27,"column":12},"end":{"line":27,"column":13}},"loc":{"start":{"line":27,"column":23},"end":{"line":33,"column":5}},"line":27},"4":{"name":"(anonymous_4)","decl":{"start":{"line":33,"column":13},"end":{"line":33,"column":14}},"loc":{"start":{"line":33,"column":22},"end":{"line":39,"column":5}},"line":33},"5":{"name":"(anonymous_5)","decl":{"start":{"line":43,"column":17},"end":{"line":43,"column":18}},"loc":{"start":{"line":43,"column":26},"end":{"line":86,"column":1}},"line":43},"6":{"name":"(anonymous_6)","decl":{"start":{"line":44,"column":9},"end":{"line":44,"column":10}},"loc":{"start":{"line":44,"column":23},"end":{"line":85,"column":3}},"line":44},"7":{"name":"(anonymous_7)","decl":{"start":{"line":53,"column":53},"end":{"line":53,"column":54}},"loc":{"start":{"line":53,"column":65},"end":{"line":59,"column":5}},"line":53},"8":{"name":"(anonymous_8)","decl":{"start":{"line":59,"column":12},"end":{"line":59,"column":13}},"loc":{"start":{"line":59,"column":24},"end":{"line":65,"column":5}},"line":59},"9":{"name":"(anonymous_9)","decl":{"start":{"line":65,"column":12},"end":{"line":65,"column":13}},"loc":{"start":{"line":65,"column":25},"end":{"line":71,"column":5}},"line":65},"10":{"name":"(anonymous_10)","decl":{"start":{"line":71,"column":12},"end":{"line":71,"column":13}},"loc":{"start":{"line":71,"column":27},"end":{"line":77,"column":5}},"line":71},"11":{"name":"(anonymous_11)","decl":{"start":{"line":77,"column":12},"end":{"line":77,"column":13}},"loc":{"start":{"line":77,"column":23},"end":{"line":79,"column":5}},"line":77},"12":{"name":"(anonymous_12)","decl":{"start":{"line":79,"column":13},"end":{"line":79,"column":14}},"loc":{"start":{"line":79,"column":22},"end":{"line":84,"column":5}},"line":79},"13":{"name":"(anonymous_13)","decl":{"start":{"line":88,"column":19},"end":{"line":88,"column":20}},"loc":{"start":{"line":88,"column":28},"end":{"line":132,"column":1}},"line":88},"14":{"name":"(anonymous_14)","decl":{"start":{"line":89,"column":9},"end":{"line":89,"column":10}},"loc":{"start":{"line":89,"column":23},"end":{"line":131,"column":3}},"line":89},"15":{"name":"(anonymous_15)","decl":{"start":{"line":98,"column":50},"end":{"line":98,"column":51}},"loc":{"start":{"line":98,"column":62},"end":{"line":104,"column":5}},"line":98},"16":{"name":"(anonymous_16)","decl":{"start":{"line":104,"column":12},"end":{"line":104,"column":13}},"loc":{"start":{"line":104,"column":24},"end":{"line":110,"column":5}},"line":104},"17":{"name":"(anonymous_17)","decl":{"start":{"line":110,"column":12},"end":{"line":110,"column":13}},"loc":{"start":{"line":110,"column":25},"end":{"line":116,"column":5}},"line":110},"18":{"name":"(anonymous_18)","decl":{"start":{"line":116,"column":12},"end":{"line":116,"column":13}},"loc":{"start":{"line":116,"column":30},"end":{"line":122,"column":5}},"line":116},"19":{"name":"(anonymous_19)","decl":{"start":{"line":122,"column":12},"end":{"line":122,"column":13}},"loc":{"start":{"line":122,"column":29},"end":{"line":124,"column":5}},"line":122},"20":{"name":"(anonymous_20)","decl":{"start":{"line":124,"column":13},"end":{"line":124,"column":14}},"loc":{"start":{"line":124,"column":22},"end":{"line":130,"column":5}},"line":124}},"branchMap":{"0":{"loc":{"start":{"line":22,"column":6},"end":{"line":26,"column":7}},"type":"if","locations":[{"start":{"line":22,"column":6},"end":{"line":26,"column":7}},{"start":{"line":22,"column":6},"end":{"line":26,"column":7}}],"line":22},"1":{"loc":{"start":{"line":28,"column":6},"end":{"line":32,"column":7}},"type":"if","locations":[{"start":{"line":28,"column":6},"end":{"line":32,"column":7}},{"start":{"line":28,"column":6},"end":{"line":32,"column":7}}],"line":28},"2":{"loc":{"start":{"line":34,"column":6},"end":{"line":38,"column":7}},"type":"if","locations":[{"start":{"line":34,"column":6},"end":{"line":38,"column":7}},{"start":{"line":34,"column":6},"end":{"line":38,"column":7}}],"line":34},"3":{"loc":{"start":{"line":54,"column":6},"end":{"line":58,"column":7}},"type":"if","locations":[{"start":{"line":54,"column":6},"end":{"line":58,"column":7}},{"start":{"line":54,"column":6},"end":{"line":58,"column":7}}],"line":54},"4":{"loc":{"start":{"line":60,"column":6},"end":{"line":64,"column":7}},"type":"if","locations":[{"start":{"line":60,"column":6},"end":{"line":64,"column":7}},{"start":{"line":60,"column":6},"end":{"line":64,"column":7}}],"line":60},"5":{"loc":{"start":{"line":66,"column":6},"end":{"line":70,"column":7}},"type":"if","locations":[{"start":{"line":66,"column":6},"end":{"line":70,"column":7}},{"start":{"line":66,"column":6},"end":{"line":70,"column":7}}],"line":66},"6":{"loc":{"start":{"line":72,"column":6},"end":{"line":76,"column":7}},"type":"if","locations":[{"start":{"line":72,"column":6},"end":{"line":76,"column":7}},{"start":{"line":72,"column":6},"end":{"line":76,"column":7}}],"line":72},"7":{"loc":{"start":{"line":80,"column":6},"end":{"line":83,"column":91}},"type":"if","locations":[{"start":{"line":80,"column":6},"end":{"line":83,"column":91}},{"start":{"line":80,"column":6},"end":{"line":83,"column":91}}],"line":80},"8":{"loc":{"start":{"line":99,"column":6},"end":{"line":103,"column":7}},"type":"if","locations":[{"start":{"line":99,"column":6},"end":{"line":103,"column":7}},{"start":{"line":99,"column":6},"end":{"line":103,"column":7}}],"line":99},"9":{"loc":{"start":{"line":105,"column":6},"end":{"line":109,"column":7}},"type":"if","locations":[{"start":{"line":105,"column":6},"end":{"line":109,"column":7}},{"start":{"line":105,"column":6},"end":{"line":109,"column":7}}],"line":105},"10":{"loc":{"start":{"line":111,"column":6},"end":{"line":115,"column":7}},"type":"if","locations":[{"start":{"line":111,"column":6},"end":{"line":115,"column":7}},{"start":{"line":111,"column":6},"end":{"line":115,"column":7}}],"line":111},"11":{"loc":{"start":{"line":117,"column":6},"end":{"line":121,"column":7}},"type":"if","locations":[{"start":{"line":117,"column":6},"end":{"line":121,"column":7}},{"start":{"line":117,"column":6},"end":{"line":121,"column":7}}],"line":117},"12":{"loc":{"start":{"line":125,"column":6},"end":{"line":129,"column":7}},"type":"if","locations":[{"start":{"line":125,"column":6},"end":{"line":129,"column":7}},{"start":{"line":125,"column":6},"end":{"line":129,"column":7}}],"line":125}},"s":{"0":1,"1":1,"2":1,"3":1,"4":1,"5":1,"6":1,"7":1,"8":1,"9":1,"10":13,"11":3,"12":3,"13":3,"14":3,"15":3,"16":1,"17":2,"18":2,"19":1,"20":1,"21":2,"22":2,"23":0,"24":1,"25":13,"26":7,"27":7,"28":7,"29":7,"30":7,"31":7,"32":7,"33":7,"34":6,"35":1,"36":1,"37":1,"38":0,"39":1,"40":1,"41":0,"42":1,"43":0,"44":1,"45":1,"46":6,"47":6,"48":0,"49":1,"50":13,"51":17,"52":17,"53":17,"54":17,"55":17,"56":17,"57":17,"58":17,"59":10,"60":7,"61":7,"62":7,"63":0,"64":7,"65":7,"66":0,"67":7,"68":7,"69":0,"70":7,"71":10,"72":10,"73":0,"74":1,"75":1,"76":1},"f":{"0":13,"1":3,"2":3,"3":2,"4":2,"5":13,"6":7,"7":7,"8":1,"9":1,"10":1,"11":1,"12":6,"13":13,"14":17,"15":17,"16":7,"17":7,"18":7,"19":7,"20":10},"b":{"0":[1,2],"1":[1,1],"2":[2,0],"3":[6,1],"4":[1,0],"5":[1,0],"6":[0,1],"7":[6,0],"8":[10,7],"9":[7,0],"10":[7,0],"11":[7,0],"12":[10,0]},"_coverageSchema":"332fd63041d2c1bcb487cc26dd0d5f7d97098a6c","hash":"4bb78c38bddd58e3b3368a4b1f8e752e681be642","contentHash":"8cc0b775b8cde5f5af6a21f1ed45366b_11.0.2"},"/Users/zacharyrote/Desktop/sandbox/microblendr/git-source/mb-tenant-services/tenant-service/libs/services/userService.js":{"path":"/Users/zacharyrote/Desktop/sandbox/microblendr/git-source/mb-tenant-services/tenant-service/libs/services/userService.js","statementMap":{"0":{"start":{"line":2,"column":14},"end":{"line":2,"column":43}},"1":{"start":{"line":7,"column":4},"end":{"line":7,"column":30}},"2":{"start":{"line":11,"column":4},"end":{"line":11,"column":46}},"3":{"start":{"line":15,"column":4},"end":{"line":15,"column":32}},"4":{"start":{"line":19,"column":4},"end":{"line":19,"column":34}},"5":{"start":{"line":23,"column":0},"end":{"line":23,"column":41}}},"fnMap":{"0":{"name":"(anonymous_0)","decl":{"start":{"line":6,"column":2},"end":{"line":6,"column":3}},"loc":{"start":{"line":6,"column":19},"end":{"line":8,"column":3}},"line":6},"1":{"name":"(anonymous_1)","decl":{"start":{"line":10,"column":2},"end":{"line":10,"column":3}},"loc":{"start":{"line":10,"column":31},"end":{"line":12,"column":3}},"line":10},"2":{"name":"(anonymous_2)","decl":{"start":{"line":14,"column":2},"end":{"line":14,"column":3}},"loc":{"start":{"line":14,"column":17},"end":{"line":16,"column":3}},"line":14},"3":{"name":"(anonymous_3)","decl":{"start":{"line":18,"column":2},"end":{"line":18,"column":3}},"loc":{"start":{"line":18,"column":19},"end":{"line":20,"column":3}},"line":18}},"branchMap":{},"s":{"0":1,"1":9,"2":1,"3":1,"4":7,"5":1},"f":{"0":9,"1":1,"2":1,"3":7},"b":{},"_coverageSchema":"332fd63041d2c1bcb487cc26dd0d5f7d97098a6c","hash":"97e594bd63bb22d80ef5fe40e9aff53355f213c1","contentHash":"c0ce48483410820ef3dd46804ee1a4f0_11.0.2"},"/Users/zacharyrote/Desktop/sandbox/microblendr/git-source/mb-tenant-services/tenant-service/api/v1/validators/user.validator.js":{"path":"/Users/zacharyrote/Desktop/sandbox/microblendr/git-source/mb-tenant-services/tenant-service/api/v1/validators/user.validator.js","statementMap":{"0":{"start":{"line":2,"column":12},"end":{"line":2,"column":26}},"1":{"start":{"line":3,"column":18},"end":{"line":3,"column":50}},"2":{"start":{"line":7,"column":4},"end":{"line":7,"column":12}},"3":{"start":{"line":11,"column":4},"end":{"line":16,"column":5}},"4":{"start":{"line":13,"column":6},"end":{"line":15,"column":7}},"5":{"start":{"line":14,"column":8},"end":{"line":14,"column":43}},"6":{"start":{"line":18,"column":4},"end":{"line":19,"column":27}},"7":{"start":{"line":19,"column":5},"end":{"line":19,"column":27}},"8":{"start":{"line":21,"column":4},"end":{"line":21,"column":16}},"9":{"start":{"line":25,"column":4},"end":{"line":26,"column":23}},"10":{"start":{"line":26,"column":6},"end":{"line":26,"column":23}},"11":{"start":{"line":27,"column":4},"end":{"line":27,"column":71}},"12":{"start":{"line":28,"column":4},"end":{"line":28,"column":69}},"13":{"start":{"line":29,"column":4},"end":{"line":29,"column":63}},"14":{"start":{"line":30,"column":4},"end":{"line":30,"column":61}},"15":{"start":{"line":31,"column":4},"end":{"line":31,"column":75}},"16":{"start":{"line":32,"column":4},"end":{"line":32,"column":73}},"17":{"start":{"line":33,"column":4},"end":{"line":33,"column":65}},"18":{"start":{"line":34,"column":4},"end":{"line":34,"column":90}},"19":{"start":{"line":35,"column":4},"end":{"line":35,"column":37}},"20":{"start":{"line":39,"column":4},"end":{"line":39,"column":61}},"21":{"start":{"line":40,"column":4},"end":{"line":40,"column":45}},"22":{"start":{"line":44,"column":0},"end":{"line":44,"column":31}}},"fnMap":{"0":{"name":"(anonymous_0)","decl":{"start":{"line":6,"column":2},"end":{"line":6,"column":3}},"loc":{"start":{"line":6,"column":16},"end":{"line":8,"column":3}},"line":6},"1":{"name":"(anonymous_1)","decl":{"start":{"line":10,"column":2},"end":{"line":10,"column":3}},"loc":{"start":{"line":10,"column":24},"end":{"line":22,"column":3}},"line":10},"2":{"name":"(anonymous_2)","decl":{"start":{"line":24,"column":2},"end":{"line":24,"column":3}},"loc":{"start":{"line":24,"column":31},"end":{"line":36,"column":3}},"line":24},"3":{"name":"(anonymous_3)","decl":{"start":{"line":38,"column":2},"end":{"line":38,"column":3}},"loc":{"start":{"line":38,"column":28},"end":{"line":41,"column":3}},"line":38}},"branchMap":{"0":{"loc":{"start":{"line":11,"column":4},"end":{"line":16,"column":5}},"type":"if","locations":[{"start":{"line":11,"column":4},"end":{"line":16,"column":5}},{"start":{"line":11,"column":4},"end":{"line":16,"column":5}}],"line":11},"1":{"loc":{"start":{"line":13,"column":6},"end":{"line":15,"column":7}},"type":"if","locations":[{"start":{"line":13,"column":6},"end":{"line":15,"column":7}},{"start":{"line":13,"column":6},"end":{"line":15,"column":7}}],"line":13},"2":{"loc":{"start":{"line":18,"column":4},"end":{"line":19,"column":27}},"type":"if","locations":[{"start":{"line":18,"column":4},"end":{"line":19,"column":27}},{"start":{"line":18,"column":4},"end":{"line":19,"column":27}}],"line":18},"3":{"loc":{"start":{"line":25,"column":4},"end":{"line":26,"column":23}},"type":"if","locations":[{"start":{"line":25,"column":4},"end":{"line":26,"column":23}},{"start":{"line":25,"column":4},"end":{"line":26,"column":23}}],"line":25}},"s":{"0":1,"1":1,"2":27,"3":24,"4":7,"5":6,"6":24,"7":0,"8":24,"9":24,"10":0,"11":24,"12":24,"13":24,"14":24,"15":24,"16":24,"17":24,"18":24,"19":24,"20":17,"21":17,"22":1},"f":{"0":27,"1":24,"2":24,"3":17},"b":{"0":[7,17],"1":[6,1],"2":[0,24],"3":[0,24]},"_coverageSchema":"332fd63041d2c1bcb487cc26dd0d5f7d97098a6c","hash":"90a3a79661acd835a4da461ad5e0012a1bc7fed3","contentHash":"72752570f763c09b921936db0d9b3c0c_11.0.2"},"/Users/zacharyrote/Desktop/sandbox/microblendr/git-source/mb-tenant-services/tenant-service/app/routes/index.routes.js":{"path":"/Users/zacharyrote/Desktop/sandbox/microblendr/git-source/mb-tenant-services/tenant-service/app/routes/index.routes.js","statementMap":{"0":{"start":{"line":2,"column":16},"end":{"line":2,"column":40}},"1":{"start":{"line":3,"column":19},"end":{"line":3,"column":73}},"2":{"start":{"line":5,"column":0},"end":{"line":7,"column":2}},"3":{"start":{"line":6,"column":2},"end":{"line":6,"column":41}}},"fnMap":{"0":{"name":"(anonymous_0)","decl":{"start":{"line":5,"column":17},"end":{"line":5,"column":18}},"loc":{"start":{"line":5,"column":26},"end":{"line":7,"column":1}},"line":5}},"branchMap":{},"s":{"0":1,"1":1,"2":1,"3":13},"f":{"0":13},"b":{},"_coverageSchema":"332fd63041d2c1bcb487cc26dd0d5f7d97098a6c","hash":"3a7ff187e0b8a77380dbdaa900b11802711912ed","contentHash":"0dd25a41c733ccfb8095bcef7fe78211_11.0.2"},"/Users/zacharyrote/Desktop/sandbox/microblendr/git-source/mb-tenant-services/tenant-service/app/controllers/index.controller.js":{"path":"/Users/zacharyrote/Desktop/sandbox/microblendr/git-source/mb-tenant-services/tenant-service/app/controllers/index.controller.js","statementMap":{"0":{"start":{"line":3,"column":17},"end":{"line":7,"column":1}},"1":{"start":{"line":4,"column":2},"end":{"line":6,"column":4}},"2":{"start":{"line":5,"column":4},"end":{"line":5,"column":24}},"3":{"start":{"line":10,"column":0},"end":{"line":10,"column":28}}},"fnMap":{"0":{"name":"(anonymous_0)","decl":{"start":{"line":3,"column":17},"end":{"line":3,"column":18}},"loc":{"start":{"line":3,"column":26},"end":{"line":7,"column":1}},"line":3},"1":{"name":"(anonymous_1)","decl":{"start":{"line":4,"column":9},"end":{"line":4,"column":10}},"loc":{"start":{"line":4,"column":23},"end":{"line":6,"column":3}},"line":4}},"branchMap":{},"s":{"0":1,"1":13,"2":0,"3":1},"f":{"0":13,"1":0},"b":{},"_coverageSchema":"332fd63041d2c1bcb487cc26dd0d5f7d97098a6c","hash":"7cb1b4f14d07017155ad570617ec666e6b13039d","contentHash":"ba235fe51e55dba825c7e5f0708eb163_11.0.2"}}