{"/Users/zacharyrote/Desktop/sandbox/git-source/cdsp-tenant-services/tenant-service/api/v1/routes/health.routes.js":{"path":"/Users/zacharyrote/Desktop/sandbox/git-source/cdsp-tenant-services/tenant-service/api/v1/routes/health.routes.js","s":{"1":1,"2":1,"3":1},"b":{},"f":{},"fnMap":{},"statementMap":{"1":{"start":{"line":3,"column":0},"end":{"line":3,"column":66}},"2":{"start":{"line":5,"column":0},"end":{"line":26,"column":1}},"3":{"start":{"line":25,"column":4},"end":{"line":25,"column":50}}},"branchMap":{}},"/Users/zacharyrote/Desktop/sandbox/git-source/cdsp-tenant-services/tenant-service/api/v1/controllers/health.controller.js":{"path":"/Users/zacharyrote/Desktop/sandbox/git-source/cdsp-tenant-services/tenant-service/api/v1/controllers/health.controller.js","s":{"1":1,"2":1,"3":1,"4":1,"5":1,"6":1,"7":0,"8":0,"9":0,"10":0,"11":1},"b":{},"f":{},"fnMap":{},"statementMap":{"1":{"start":{"line":3,"column":0},"end":{"line":3,"column":41}},"2":{"start":{"line":4,"column":0},"end":{"line":4,"column":42}},"3":{"start":{"line":5,"column":0},"end":{"line":5,"column":57}},"4":{"start":{"line":6,"column":0},"end":{"line":6,"column":59}},"5":{"start":{"line":9,"column":0},"end":{"line":18,"column":1}},"6":{"start":{"line":10,"column":2},"end":{"line":17,"column":3}},"7":{"start":{"line":11,"column":4},"end":{"line":11,"column":44}},"8":{"start":{"line":12,"column":4},"end":{"line":16,"column":7}},"9":{"start":{"line":13,"column":6},"end":{"line":13,"column":45}},"10":{"start":{"line":15,"column":6},"end":{"line":15,"column":89}},"11":{"start":{"line":21,"column":0},"end":{"line":21,"column":30}}},"branchMap":{}},"/Users/zacharyrote/Desktop/sandbox/git-source/cdsp-tenant-services/tenant-service/api/v1/routes/proxyCache.routes.js":{"path":"/Users/zacharyrote/Desktop/sandbox/git-source/cdsp-tenant-services/tenant-service/api/v1/routes/proxyCache.routes.js","s":{"1":1,"2":1,"3":1},"b":{},"f":{},"fnMap":{},"statementMap":{"1":{"start":{"line":3,"column":0},"end":{"line":3,"column":70}},"2":{"start":{"line":6,"column":0},"end":{"line":8,"column":1}},"3":{"start":{"line":7,"column":2},"end":{"line":7,"column":48}}},"branchMap":{}},"/Users/zacharyrote/Desktop/sandbox/git-source/cdsp-tenant-services/tenant-service/api/v1/controllers/proxyCache.controller.js":{"path":"/Users/zacharyrote/Desktop/sandbox/git-source/cdsp-tenant-services/tenant-service/api/v1/controllers/proxyCache.controller.js","s":{"1":1,"2":1,"3":1,"4":1,"5":1,"6":1,"7":0,"8":0,"9":0,"10":0,"11":1},"b":{},"f":{},"fnMap":{},"statementMap":{"1":{"start":{"line":2,"column":0},"end":{"line":2,"column":41}},"2":{"start":{"line":3,"column":0},"end":{"line":3,"column":42}},"3":{"start":{"line":4,"column":0},"end":{"line":4,"column":57}},"4":{"start":{"line":5,"column":0},"end":{"line":5,"column":67}},"5":{"start":{"line":7,"column":0},"end":{"line":16,"column":1}},"6":{"start":{"line":8,"column":2},"end":{"line":15,"column":3}},"7":{"start":{"line":9,"column":4},"end":{"line":9,"column":61}},"8":{"start":{"line":10,"column":4},"end":{"line":14,"column":7}},"9":{"start":{"line":11,"column":6},"end":{"line":11,"column":44}},"10":{"start":{"line":13,"column":6},"end":{"line":13,"column":89}},"11":{"start":{"line":19,"column":0},"end":{"line":19,"column":22}}},"branchMap":{}},"/Users/zacharyrote/Desktop/sandbox/git-source/cdsp-tenant-services/tenant-service/api/v1/routes/swagger.routes.js":{"path":"/Users/zacharyrote/Desktop/sandbox/git-source/cdsp-tenant-services/tenant-service/api/v1/routes/swagger.routes.js","s":{"1":1,"2":1,"3":1},"b":{},"f":{},"fnMap":{},"statementMap":{"1":{"start":{"line":3,"column":0},"end":{"line":3,"column":67}},"2":{"start":{"line":6,"column":0},"end":{"line":8,"column":1}},"3":{"start":{"line":7,"column":2},"end":{"line":7,"column":55}}},"branchMap":{}},"/Users/zacharyrote/Desktop/sandbox/git-source/cdsp-tenant-services/tenant-service/api/v1/controllers/swagger.controller.js":{"path":"/Users/zacharyrote/Desktop/sandbox/git-source/cdsp-tenant-services/tenant-service/api/v1/controllers/swagger.controller.js","s":{"1":1,"2":1,"3":1,"4":1,"5":1,"6":1,"7":1,"8":1,"9":1,"10":1,"11":1,"12":0,"13":1},"b":{},"f":{},"fnMap":{},"statementMap":{"1":{"start":{"line":2,"column":0},"end":{"line":2,"column":41}},"2":{"start":{"line":3,"column":0},"end":{"line":3,"column":42}},"3":{"start":{"line":4,"column":0},"end":{"line":4,"column":57}},"4":{"start":{"line":5,"column":0},"end":{"line":5,"column":61}},"5":{"start":{"line":6,"column":0},"end":{"line":6,"column":25}},"6":{"start":{"line":7,"column":0},"end":{"line":7,"column":63}},"7":{"start":{"line":9,"column":0},"end":{"line":18,"column":1}},"8":{"start":{"line":10,"column":2},"end":{"line":17,"column":3}},"9":{"start":{"line":11,"column":4},"end":{"line":11,"column":55}},"10":{"start":{"line":12,"column":4},"end":{"line":16,"column":7}},"11":{"start":{"line":13,"column":6},"end":{"line":13,"column":46}},"12":{"start":{"line":15,"column":6},"end":{"line":15,"column":89}},"13":{"start":{"line":21,"column":0},"end":{"line":21,"column":32}}},"branchMap":{}},"/Users/zacharyrote/Desktop/sandbox/git-source/cdsp-tenant-services/tenant-service/api/v1/routes/tenants.routes.js":{"path":"/Users/zacharyrote/Desktop/sandbox/git-source/cdsp-tenant-services/tenant-service/api/v1/routes/tenants.routes.js","s":{"1":1,"2":1,"3":1,"4":1,"5":1,"6":1},"b":{},"f":{"1":1},"fnMap":{"1":{"name":"(anonymous_1)","line":6,"loc":{"start":{"line":6,"column":17},"end":{"line":6,"column":31}}}},"statementMap":{"1":{"start":{"line":3,"column":0},"end":{"line":3,"column":67}},"2":{"start":{"line":6,"column":0},"end":{"line":169,"column":1}},"3":{"start":{"line":43,"column":2},"end":{"line":44,"column":92}},"4":{"start":{"line":82,"column":2},"end":{"line":83,"column":96}},"5":{"start":{"line":126,"column":2},"end":{"line":127,"column":88}},"6":{"start":{"line":167,"column":2},"end":{"line":168,"column":89}}},"branchMap":{}},"/Users/zacharyrote/Desktop/sandbox/git-source/cdsp-tenant-services/tenant-service/api/v1/controllers/tenants.controller.js":{"path":"/Users/zacharyrote/Desktop/sandbox/git-source/cdsp-tenant-services/tenant-service/api/v1/controllers/tenants.controller.js","s":{"1":1,"2":1,"3":1,"4":1,"5":1,"6":1,"7":1,"8":1,"9":0,"10":1,"11":1,"12":0,"13":0,"14":0,"15":0,"16":0,"17":0,"18":0,"19":0,"20":0,"21":0,"22":0,"23":1,"24":1,"25":0,"26":0,"27":0,"28":0,"29":0,"30":0,"31":0,"32":0,"33":0,"34":1,"35":1,"36":0,"37":0,"38":0,"39":0,"40":0,"41":0,"42":0,"43":0,"44":0,"45":0,"46":0,"47":0,"48":0,"49":1,"50":1,"51":0,"52":0,"53":0,"54":0,"55":0,"56":0,"57":0,"58":0,"59":0,"60":0,"61":0,"62":0,"63":0,"64":1,"65":1,"66":1,"67":1},"b":{"1":[0,0],"2":[0,0],"3":[0,0],"4":[0,0],"5":[0,0],"6":[0,0],"7":[0,0]},"f":{},"fnMap":{},"statementMap":{"1":{"start":{"line":2,"column":0},"end":{"line":2,"column":52}},"2":{"start":{"line":3,"column":0},"end":{"line":3,"column":41}},"3":{"start":{"line":5,"column":0},"end":{"line":5,"column":42}},"4":{"start":{"line":6,"column":0},"end":{"line":6,"column":50}},"5":{"start":{"line":7,"column":0},"end":{"line":7,"column":57}},"6":{"start":{"line":8,"column":0},"end":{"line":8,"column":34}},"7":{"start":{"line":10,"column":0},"end":{"line":10,"column":67}},"8":{"start":{"line":15,"column":0},"end":{"line":20,"column":1}},"9":{"start":{"line":16,"column":2},"end":{"line":19,"column":3}},"10":{"start":{"line":26,"column":0},"end":{"line":47,"column":1}},"11":{"start":{"line":27,"column":2},"end":{"line":46,"column":3}},"12":{"start":{"line":28,"column":4},"end":{"line":28,"column":35}},"13":{"start":{"line":29,"column":4},"end":{"line":29,"column":44}},"14":{"start":{"line":31,"column":4},"end":{"line":31,"column":24}},"15":{"start":{"line":32,"column":4},"end":{"line":45,"column":7}},"16":{"start":{"line":33,"column":6},"end":{"line":38,"column":7}},"17":{"start":{"line":34,"column":8},"end":{"line":34,"column":47}},"18":{"start":{"line":36,"column":8},"end":{"line":36,"column":87}},"19":{"start":{"line":37,"column":8},"end":{"line":37,"column":41}},"20":{"start":{"line":40,"column":6},"end":{"line":44,"column":7}},"21":{"start":{"line":41,"column":8},"end":{"line":41,"column":31}},"22":{"start":{"line":43,"column":8},"end":{"line":43,"column":91}},"23":{"start":{"line":49,"column":0},"end":{"line":66,"column":1}},"24":{"start":{"line":50,"column":2},"end":{"line":65,"column":3}},"25":{"start":{"line":51,"column":4},"end":{"line":51,"column":27}},"26":{"start":{"line":53,"column":4},"end":{"line":53,"column":44}},"27":{"start":{"line":54,"column":4},"end":{"line":64,"column":7}},"28":{"start":{"line":55,"column":7},"end":{"line":59,"column":8}},"29":{"start":{"line":56,"column":9},"end":{"line":56,"column":48}},"30":{"start":{"line":58,"column":9},"end":{"line":58,"column":80}},"31":{"start":{"line":61,"column":7},"end":{"line":61,"column":89}},"32":{"start":{"line":62,"column":7},"end":{"line":62,"column":41}},"33":{"start":{"line":63,"column":7},"end":{"line":63,"column":38}},"34":{"start":{"line":68,"column":0},"end":{"line":91,"column":1}},"35":{"start":{"line":69,"column":2},"end":{"line":90,"column":3}},"36":{"start":{"line":70,"column":4},"end":{"line":70,"column":29}},"37":{"start":{"line":71,"column":4},"end":{"line":71,"column":45}},"38":{"start":{"line":72,"column":4},"end":{"line":72,"column":32}},"39":{"start":{"line":73,"column":4},"end":{"line":73,"column":30}},"40":{"start":{"line":74,"column":4},"end":{"line":74,"column":52}},"41":{"start":{"line":75,"column":4},"end":{"line":75,"column":44}},"42":{"start":{"line":77,"column":4},"end":{"line":89,"column":5}},"43":{"start":{"line":78,"column":6},"end":{"line":82,"column":9}},"44":{"start":{"line":79,"column":8},"end":{"line":79,"column":45}},"45":{"start":{"line":81,"column":8},"end":{"line":81,"column":91}},"46":{"start":{"line":84,"column":6},"end":{"line":88,"column":9}},"47":{"start":{"line":85,"column":8},"end":{"line":85,"column":45}},"48":{"start":{"line":87,"column":8},"end":{"line":87,"column":91}},"49":{"start":{"line":93,"column":0},"end":{"line":116,"column":1}},"50":{"start":{"line":94,"column":2},"end":{"line":115,"column":2}},"51":{"start":{"line":95,"column":4},"end":{"line":95,"column":26}},"52":{"start":{"line":96,"column":4},"end":{"line":96,"column":24}},"53":{"start":{"line":97,"column":4},"end":{"line":97,"column":29}},"54":{"start":{"line":98,"column":4},"end":{"line":98,"column":44}},"55":{"start":{"line":99,"column":4},"end":{"line":99,"column":33}},"56":{"start":{"line":101,"column":4},"end":{"line":114,"column":6}},"57":{"start":{"line":102,"column":8},"end":{"line":111,"column":9}},"58":{"start":{"line":103,"column":10},"end":{"line":103,"column":87}},"59":{"start":{"line":105,"column":10},"end":{"line":110,"column":13}},"60":{"start":{"line":106,"column":13},"end":{"line":106,"column":33}},"61":{"start":{"line":107,"column":13},"end":{"line":107,"column":52}},"62":{"start":{"line":109,"column":14},"end":{"line":109,"column":90}},"63":{"start":{"line":113,"column":6},"end":{"line":113,"column":63}},"64":{"start":{"line":119,"column":0},"end":{"line":119,"column":30}},"65":{"start":{"line":120,"column":0},"end":{"line":120,"column":46}},"66":{"start":{"line":121,"column":0},"end":{"line":121,"column":32}},"67":{"start":{"line":122,"column":0},"end":{"line":122,"column":34}}},"branchMap":{"1":{"line":17,"type":"binary-expr","locations":[{"start":{"line":17,"column":10},"end":{"line":17,"column":20}},{"start":{"line":17,"column":24},"end":{"line":17,"column":25}}]},"2":{"line":18,"type":"binary-expr","locations":[{"start":{"line":18,"column":10},"end":{"line":18,"column":20}},{"start":{"line":18,"column":24},"end":{"line":18,"column":26}}]},"3":{"line":33,"type":"if","locations":[{"start":{"line":33,"column":6},"end":{"line":33,"column":6}},{"start":{"line":33,"column":6},"end":{"line":33,"column":6}}]},"4":{"line":40,"type":"if","locations":[{"start":{"line":40,"column":6},"end":{"line":40,"column":6}},{"start":{"line":40,"column":6},"end":{"line":40,"column":6}}]},"5":{"line":55,"type":"if","locations":[{"start":{"line":55,"column":7},"end":{"line":55,"column":7}},{"start":{"line":55,"column":7},"end":{"line":55,"column":7}}]},"6":{"line":77,"type":"if","locations":[{"start":{"line":77,"column":4},"end":{"line":77,"column":4}},{"start":{"line":77,"column":4},"end":{"line":77,"column":4}}]},"7":{"line":102,"type":"if","locations":[{"start":{"line":102,"column":8},"end":{"line":102,"column":8}},{"start":{"line":102,"column":8},"end":{"line":102,"column":8}}]}}},"/Users/zacharyrote/Desktop/sandbox/git-source/cdsp-tenant-services/tenant-service/services/tenantService.js":{"path":"/Users/zacharyrote/Desktop/sandbox/git-source/cdsp-tenant-services/tenant-service/services/tenantService.js","s":{"1":1,"2":0,"3":0,"4":0,"5":0,"6":0,"7":0,"8":1},"b":{},"f":{"1":0,"2":0,"3":0,"4":0,"5":0,"6":0,"7":0},"fnMap":{"1":{"name":"(anonymous_1)","line":5,"loc":{"start":{"line":5,"column":13},"end":{"line":5,"column":16}}},"2":{"name":"(anonymous_2)","line":8,"loc":{"start":{"line":8,"column":16},"end":{"line":8,"column":21}}},"3":{"name":"(anonymous_3)","line":12,"loc":{"start":{"line":12,"column":20},"end":{"line":12,"column":29}}},"4":{"name":"(anonymous_4)","line":16,"loc":{"start":{"line":16,"column":18},"end":{"line":16,"column":25}}},"5":{"name":"(anonymous_5)","line":20,"loc":{"start":{"line":20,"column":13},"end":{"line":20,"column":38}}},"6":{"name":"(anonymous_6)","line":24,"loc":{"start":{"line":24,"column":12},"end":{"line":24,"column":29}}},"7":{"name":"(anonymous_7)","line":28,"loc":{"start":{"line":28,"column":12},"end":{"line":28,"column":21}}}},"statementMap":{"1":{"start":{"line":2,"column":0},"end":{"line":2,"column":44}},"2":{"start":{"line":9,"column":4},"end":{"line":9,"column":32}},"3":{"start":{"line":13,"column":4},"end":{"line":13,"column":44}},"4":{"start":{"line":17,"column":4},"end":{"line":17,"column":40}},"5":{"start":{"line":21,"column":4},"end":{"line":21,"column":86}},"6":{"start":{"line":25,"column":4},"end":{"line":25,"column":77}},"7":{"start":{"line":29,"column":4},"end":{"line":29,"column":36}},"8":{"start":{"line":33,"column":0},"end":{"line":33,"column":31}}},"branchMap":{}},"/Users/zacharyrote/Desktop/sandbox/git-source/cdsp-tenant-services/tenant-service/app/routes/index.routes.js":{"path":"/Users/zacharyrote/Desktop/sandbox/git-source/cdsp-tenant-services/tenant-service/app/routes/index.routes.js","s":{"1":1,"2":1,"3":1,"4":1},"b":{},"f":{},"fnMap":{},"statementMap":{"1":{"start":{"line":2,"column":0},"end":{"line":2,"column":41}},"2":{"start":{"line":3,"column":0},"end":{"line":3,"column":74}},"3":{"start":{"line":5,"column":0},"end":{"line":7,"column":1}},"4":{"start":{"line":6,"column":2},"end":{"line":6,"column":41}}},"branchMap":{}},"/Users/zacharyrote/Desktop/sandbox/git-source/cdsp-tenant-services/tenant-service/app/controllers/index.controller.js":{"path":"/Users/zacharyrote/Desktop/sandbox/git-source/cdsp-tenant-services/tenant-service/app/controllers/index.controller.js","s":{"1":1,"2":1,"3":0,"4":1},"b":{},"f":{},"fnMap":{},"statementMap":{"1":{"start":{"line":3,"column":0},"end":{"line":7,"column":1}},"2":{"start":{"line":4,"column":2},"end":{"line":6,"column":3}},"3":{"start":{"line":5,"column":4},"end":{"line":5,"column":24}},"4":{"start":{"line":10,"column":0},"end":{"line":10,"column":28}}},"branchMap":{}}}