TN:
SF:/Users/zacharyrote/Desktop/sandbox/git-source/cdsp-tenant-services/tenant-service/api/v1/routes/health.routes.js
FNF:0
FNH:0
DA:3,1
DA:5,1
DA:25,1
LF:3
LH:3
BRF:0
BRH:0
end_of_record
TN:
SF:/Users/zacharyrote/Desktop/sandbox/git-source/cdsp-tenant-services/tenant-service/api/v1/controllers/health.controller.js
FNF:0
FNH:0
DA:3,1
DA:4,1
DA:5,1
DA:6,1
DA:9,1
DA:10,1
DA:11,0
DA:12,0
DA:13,0
DA:15,0
DA:21,1
LF:11
LH:7
BRF:0
BRH:0
end_of_record
TN:
SF:/Users/zacharyrote/Desktop/sandbox/git-source/cdsp-tenant-services/tenant-service/api/v1/routes/proxyCache.routes.js
FNF:0
FNH:0
DA:3,1
DA:6,1
DA:7,1
LF:3
LH:3
BRF:0
BRH:0
end_of_record
TN:
SF:/Users/zacharyrote/Desktop/sandbox/git-source/cdsp-tenant-services/tenant-service/api/v1/controllers/proxyCache.controller.js
FNF:0
FNH:0
DA:2,1
DA:3,1
DA:4,1
DA:5,1
DA:7,1
DA:8,1
DA:9,0
DA:10,0
DA:11,0
DA:13,0
DA:19,1
LF:11
LH:7
BRF:0
BRH:0
end_of_record
TN:
SF:/Users/zacharyrote/Desktop/sandbox/git-source/cdsp-tenant-services/tenant-service/api/v1/routes/swagger.routes.js
FNF:0
FNH:0
DA:3,1
DA:6,1
DA:7,1
LF:3
LH:3
BRF:0
BRH:0
end_of_record
TN:
SF:/Users/zacharyrote/Desktop/sandbox/git-source/cdsp-tenant-services/tenant-service/api/v1/controllers/swagger.controller.js
FNF:0
FNH:0
DA:2,1
DA:3,1
DA:4,1
DA:5,1
DA:6,1
DA:7,1
DA:9,1
DA:10,1
DA:11,1
DA:12,1
DA:13,1
DA:15,0
DA:21,1
LF:13
LH:12
BRF:0
BRH:0
end_of_record
TN:
SF:/Users/zacharyrote/Desktop/sandbox/git-source/cdsp-tenant-services/tenant-service/api/v1/routes/tenants.routes.js
FN:6,(anonymous_1)
FNF:1
FNH:1
FNDA:1,(anonymous_1)
DA:3,1
DA:6,1
DA:43,1
DA:82,1
DA:126,1
DA:167,1
LF:6
LH:6
BRF:0
BRH:0
end_of_record
TN:
SF:/Users/zacharyrote/Desktop/sandbox/git-source/cdsp-tenant-services/tenant-service/api/v1/controllers/tenants.controller.js
FNF:0
FNH:0
DA:2,1
DA:3,1
DA:5,1
DA:6,1
DA:7,1
DA:8,1
DA:10,1
DA:15,1
DA:16,0
DA:26,1
DA:27,1
DA:28,0
DA:29,0
DA:31,0
DA:32,0
DA:33,0
DA:34,0
DA:36,0
DA:37,0
DA:40,0
DA:41,0
DA:43,0
DA:49,1
DA:50,1
DA:51,0
DA:53,0
DA:54,0
DA:55,0
DA:56,0
DA:58,0
DA:61,0
DA:62,0
DA:63,0
DA:68,1
DA:69,1
DA:70,0
DA:71,0
DA:72,0
DA:73,0
DA:74,0
DA:75,0
DA:77,0
DA:78,0
DA:79,0
DA:81,0
DA:84,0
DA:85,0
DA:87,0
DA:93,1
DA:94,1
DA:95,0
DA:96,0
DA:97,0
DA:98,0
DA:99,0
DA:101,0
DA:102,0
DA:103,0
DA:105,0
DA:106,0
DA:107,0
DA:109,0
DA:113,0
DA:119,1
DA:120,1
DA:121,1
DA:122,1
LF:67
LH:20
BRDA:17,1,0,0
BRDA:17,1,1,0
BRDA:18,2,0,0
BRDA:18,2,1,0
BRDA:33,3,0,0
BRDA:33,3,1,0
BRDA:40,4,0,0
BRDA:40,4,1,0
BRDA:55,5,0,0
BRDA:55,5,1,0
BRDA:77,6,0,0
BRDA:77,6,1,0
BRDA:102,7,0,0
BRDA:102,7,1,0
BRF:14
BRH:0
end_of_record
TN:
SF:/Users/zacharyrote/Desktop/sandbox/git-source/cdsp-tenant-services/tenant-service/services/tenantService.js
FN:5,(anonymous_1)
FN:8,(anonymous_2)
FN:12,(anonymous_3)
FN:16,(anonymous_4)
FN:20,(anonymous_5)
FN:24,(anonymous_6)
FN:28,(anonymous_7)
FNF:7
FNH:0
FNDA:0,(anonymous_1)
FNDA:0,(anonymous_2)
FNDA:0,(anonymous_3)
FNDA:0,(anonymous_4)
FNDA:0,(anonymous_5)
FNDA:0,(anonymous_6)
FNDA:0,(anonymous_7)
DA:2,1
DA:9,0
DA:13,0
DA:17,0
DA:21,0
DA:25,0
DA:29,0
DA:33,1
LF:8
LH:2
BRF:0
BRH:0
end_of_record
TN:
SF:/Users/zacharyrote/Desktop/sandbox/git-source/cdsp-tenant-services/tenant-service/app/routes/index.routes.js
FNF:0
FNH:0
DA:2,1
DA:3,1
DA:5,1
DA:6,1
LF:4
LH:4
BRF:0
BRH:0
end_of_record
TN:
SF:/Users/zacharyrote/Desktop/sandbox/git-source/cdsp-tenant-services/tenant-service/app/controllers/index.controller.js
FNF:0
FNH:0
DA:3,1
DA:4,1
DA:5,0
DA:10,1
LF:4
LH:3
BRF:0
BRH:0
end_of_record
